[debug] [2020-09-30T16:50:46.381Z] ----------------------------------------------------------------------
[debug] [2020-09-30T16:50:46.385Z] Command:       /usr/local/bin/firebase /Users/tommyboone23/.cache/firebase/tools/lib/node_modules/firebase-tools/lib/bin/firebase emulators:start
[debug] [2020-09-30T16:50:46.386Z] CLI Version:   8.10.0
[debug] [2020-09-30T16:50:46.386Z] Platform:      darwin
[debug] [2020-09-30T16:50:46.386Z] Node Version:  v12.18.1
[debug] [2020-09-30T16:50:46.395Z] Time:          Wed Sep 30 2020 11:50:46 GMT-0500 (Central Daylight Time)
[debug] [2020-09-30T16:50:46.395Z] ----------------------------------------------------------------------
[debug] [2020-09-30T16:50:46.396Z] 
[debug] [2020-09-30T16:50:46.410Z] > command requires scopes: ["email","openid","https://www.googleapis.com/auth/cloudplatformprojects.readonly","https://www.googleapis.com/auth/firebase","https://www.googleapis.com/auth/cloud-platform"]
[debug] [2020-09-30T16:50:46.410Z] > authorizing via signed-in user
[info] i  emulators: Starting emulators: functions, hosting {"metadata":{"emulator":{"name":"hub"},"message":"Starting emulators: functions, hosting"}}
[debug] [2020-09-30T16:50:46.498Z] [hub] writing locator at /var/folders/c6/g7144_x956v42bz9jftcvyl80000gn/T/hub-clone-368c5.json
[warn] ⚠  functions: The following emulators are not running, calls to these services from the Functions emulator will affect production: firestore, database, pubsub {"metadata":{"emulator":{"name":"functions"},"message":"The following emulators are not running, calls to these services from the Functions emulator will affect production: \u001b[1mfirestore, database, pubsub\u001b[22m"}}
[warn] ⚠  Your requested "node" version "10" doesn't match your global version "12" {"metadata":{"emulator":{"name":"functions"},"message":"Your requested \"node\" version \"10\" doesn't match your global version \"12\""}}
[debug] [2020-09-30T16:50:46.545Z] defaultcredentials: writing to file /Users/tommyboone23/.config/firebase/tommyboone23_gmail_com_application_default_credentials.json
[debug] [2020-09-30T16:50:46.551Z] Setting GAC to /Users/tommyboone23/.config/firebase/tommyboone23_gmail_com_application_default_credentials.json {"metadata":{"emulator":{"name":"functions"},"message":"Setting GAC to /Users/tommyboone23/.config/firebase/tommyboone23_gmail_com_application_default_credentials.json"}}
[debug] [2020-09-30T16:50:46.839Z] >>> HTTP REQUEST GET https://firebase.googleapis.com/v1beta1/projects/clone-368c5/webApps/-/config  
 
[debug] [2020-09-30T16:50:47.759Z] <<< HTTP RESPONSE 200 {"content-type":"application/json; charset=UTF-8","vary":"X-Origin, Referer, Origin,Accept-Encoding","date":"Wed, 30 Sep 2020 16:50:47 GMT","server":"ESF","cache-control":"private","x-xss-protection":"0","x-frame-options":"SAMEORIGIN","x-content-type-options":"nosniff","alt-svc":"h3-Q050=\":443\"; ma=2592000,h3-29=\":443\"; ma=2592000,h3-27=\":443\"; ma=2592000,h3-T051=\":443\"; ma=2592000,h3-T050=\":443\"; ma=2592000,h3-Q046=\":443\"; ma=2592000,h3-Q043=\":443\"; ma=2592000,quic=\":443\"; ma=2592000; v=\"46,43\"","accept-ranges":"none","transfer-encoding":"chunked"}
[info] i  hosting: Serving hosting files from: build {"metadata":{"emulator":{"name":"hosting"},"message":"Serving hosting files from: \u001b[1mbuild\u001b[22m"}}
[info] ✔  hosting: Local server: http://localhost:5000 {"metadata":{"emulator":{"name":"hosting"},"message":"Local server: \u001b[4m\u001b[1mhttp://localhost:5000\u001b[22m\u001b[24m"}}
[info] i  ui: downloading ui-v1.1.1.zip... {"metadata":{"emulator":{"name":"ui"},"message":"downloading ui-v1.1.1.zip..."}}
[debug] [2020-09-30T16:50:50.275Z] Ignoring unsupported arg: auto_download {"metadata":{"emulator":{"name":"ui"},"message":"Ignoring unsupported arg: auto_download"}}
[debug] [2020-09-30T16:50:50.275Z] Ignoring unsupported arg: port {"metadata":{"emulator":{"name":"ui"},"message":"Ignoring unsupported arg: port"}}
[debug] [2020-09-30T16:50:50.275Z] Starting Emulator UI with command {"binary":"node","args":["/Users/tommyboone23/.cache/firebase/emulators/ui-v1.1.1/server.bundle.js"],"optionalArgs":[],"joinArgs":false} {"metadata":{"emulator":{"name":"ui"},"message":"Starting Emulator UI with command {\"binary\":\"node\",\"args\":[\"/Users/tommyboone23/.cache/firebase/emulators/ui-v1.1.1/server.bundle.js\"],\"optionalArgs\":[],\"joinArgs\":false}"}}
[info] i  ui: Emulator UI logging to ui-debug.log {"metadata":{"emulator":{"name":"ui"},"message":"Emulator UI logging to \u001b[1mui-debug.log\u001b[22m"}}
[debug] [2020-09-30T16:50:50.642Z] Web / API server started at http://localhost:4000
 {"metadata":{"emulator":{"name":"ui"},"message":"Web / API server started at http://localhost:4000\n"}}
[info] i  functions: Watching "/Users/tommyboone23/dev/Amazon-Clone/client/functions" for Cloud Functions... {"metadata":{"emulator":{"name":"functions"},"message":"Watching \"/Users/tommyboone23/dev/Amazon-Clone/client/functions\" for Cloud Functions..."}}
[debug] [2020-09-30T16:50:50.717Z] [worker-pool] addWorker(~diagnostic~) {"metadata":{"emulator":{"name":"functions"},"message":"[worker-pool] addWorker(~diagnostic~)"}}
[debug] [2020-09-30T16:50:50.721Z] [worker-pool] Adding worker with key ~diagnostic~, total=1 {"metadata":{"emulator":{"name":"functions"},"message":"[worker-pool] Adding worker with key ~diagnostic~, total=1"}}
[debug] [2020-09-30T16:50:50.721Z] [worker-pool] submitWork(triggerId=) {"metadata":{"emulator":{"name":"functions"},"message":"[worker-pool] submitWork(triggerId=)"}}
[debug] [2020-09-30T16:50:50.721Z] [worker-~diagnostic~-c89dd46b-76ac-4cd8-9d97-baff86e4d43b]: Assigning socketPath: /var/folders/c6/g7144_x956v42bz9jftcvyl80000gn/T/fire_emu_64960.sock {"metadata":{"emulator":{"name":"functions"},"message":"[worker-~diagnostic~-c89dd46b-76ac-4cd8-9d97-baff86e4d43b]: Assigning socketPath: /var/folders/c6/g7144_x956v42bz9jftcvyl80000gn/T/fire_emu_64960.sock"}}
[debug] [2020-09-30T16:50:50.722Z] [worker-~diagnostic~-c89dd46b-76ac-4cd8-9d97-baff86e4d43b]: BUSY {"metadata":{"emulator":{"name":"functions"},"message":"[worker-~diagnostic~-c89dd46b-76ac-4cd8-9d97-baff86e4d43b]: BUSY"}}
[debug] [2020-09-30T16:50:51.705Z] [runtime-status] [64960] Functions runtime initialized. {"cwd":"/Users/tommyboone23/dev/Amazon-Clone/client/functions","node_version":"12.18.1"} {"metadata":{"emulator":{"name":"functions"},"message":"[runtime-status] [64960] Functions runtime initialized. {\"cwd\":\"/Users/tommyboone23/dev/Amazon-Clone/client/functions\",\"node_version\":\"12.18.1\"}"}}
[debug] [2020-09-30T16:50:51.706Z] [runtime-status] [64960] Disabled runtime features: undefined {"metadata":{"emulator":{"name":"functions"},"message":"[runtime-status] [64960] Disabled runtime features: undefined"}}
[debug] [2020-09-30T16:50:51.712Z] [runtime-status] [64960] Resolved module firebase-admin {"declared":true,"installed":true,"version":"8.13.0","resolution":"/Users/tommyboone23/dev/Amazon-Clone/client/functions/node_modules/firebase-admin/lib/index.js"} {"metadata":{"emulator":{"name":"functions"},"message":"[runtime-status] [64960] Resolved module firebase-admin {\"declared\":true,\"installed\":true,\"version\":\"8.13.0\",\"resolution\":\"/Users/tommyboone23/dev/Amazon-Clone/client/functions/node_modules/firebase-admin/lib/index.js\"}"}}
[debug] [2020-09-30T16:50:51.714Z] [runtime-status] [64960] Resolved module firebase-functions {"declared":true,"installed":true,"version":"3.11.0","resolution":"/Users/tommyboone23/dev/Amazon-Clone/client/functions/node_modules/firebase-functions/lib/index.js"} {"metadata":{"emulator":{"name":"functions"},"message":"[runtime-status] [64960] Resolved module firebase-functions {\"declared\":true,\"installed\":true,\"version\":\"3.11.0\",\"resolution\":\"/Users/tommyboone23/dev/Amazon-Clone/client/functions/node_modules/firebase-functions/lib/index.js\"}"}}
[debug] [2020-09-30T16:50:51.715Z] [runtime-status] [64960] Resolved module firebase-functions {"declared":true,"installed":true,"version":"3.11.0","resolution":"/Users/tommyboone23/dev/Amazon-Clone/client/functions/node_modules/firebase-functions/lib/index.js"} {"metadata":{"emulator":{"name":"functions"},"message":"[runtime-status] [64960] Resolved module firebase-functions {\"declared\":true,\"installed\":true,\"version\":\"3.11.0\",\"resolution\":\"/Users/tommyboone23/dev/Amazon-Clone/client/functions/node_modules/firebase-functions/lib/index.js\"}"}}
[debug] [2020-09-30T16:50:51.718Z] [runtime-status] [64960] Outgoing network have been stubbed. [{"name":"http","status":"mocked"},{"name":"http","status":"mocked"},{"name":"https","status":"mocked"},{"name":"https","status":"mocked"},{"name":"net","status":"mocked"}] {"metadata":{"emulator":{"name":"functions"},"message":"[runtime-status] [64960] Outgoing network have been stubbed. [{\"name\":\"http\",\"status\":\"mocked\"},{\"name\":\"http\",\"status\":\"mocked\"},{\"name\":\"https\",\"status\":\"mocked\"},{\"name\":\"https\",\"status\":\"mocked\"},{\"name\":\"net\",\"status\":\"mocked\"}]"}}
[debug] [2020-09-30T16:50:51.721Z] [runtime-status] [64960] Resolved module firebase-functions {"declared":true,"installed":true,"version":"3.11.0","resolution":"/Users/tommyboone23/dev/Amazon-Clone/client/functions/node_modules/firebase-functions/lib/index.js"} {"metadata":{"emulator":{"name":"functions"},"message":"[runtime-status] [64960] Resolved module firebase-functions {\"declared\":true,\"installed\":true,\"version\":\"3.11.0\",\"resolution\":\"/Users/tommyboone23/dev/Amazon-Clone/client/functions/node_modules/firebase-functions/lib/index.js\"}"}}
[debug] [2020-09-30T16:50:51.836Z] [runtime-status] [64960] Checked functions.config() {"config":{}} {"metadata":{"emulator":{"name":"functions"},"message":"[runtime-status] [64960] Checked functions.config() {\"config\":{}}"}}
[debug] [2020-09-30T16:50:51.837Z] [runtime-status] [64960] firebase-functions has been stubbed. {"functionsResolution":{"declared":true,"installed":true,"version":"3.11.0","resolution":"/Users/tommyboone23/dev/Amazon-Clone/client/functions/node_modules/firebase-functions/lib/index.js"}} {"metadata":{"emulator":{"name":"functions"},"message":"[runtime-status] [64960] firebase-functions has been stubbed. {\"functionsResolution\":{\"declared\":true,\"installed\":true,\"version\":\"3.11.0\",\"resolution\":\"/Users/tommyboone23/dev/Amazon-Clone/client/functions/node_modules/firebase-functions/lib/index.js\"}}"}}
[debug] [2020-09-30T16:50:51.839Z] [runtime-status] [64960] Resolved module firebase-functions {"declared":true,"installed":true,"version":"3.11.0","resolution":"/Users/tommyboone23/dev/Amazon-Clone/client/functions/node_modules/firebase-functions/lib/index.js"} {"metadata":{"emulator":{"name":"functions"},"message":"[runtime-status] [64960] Resolved module firebase-functions {\"declared\":true,\"installed\":true,\"version\":\"3.11.0\",\"resolution\":\"/Users/tommyboone23/dev/Amazon-Clone/client/functions/node_modules/firebase-functions/lib/index.js\"}"}}
[debug] [2020-09-30T16:50:51.841Z] [runtime-status] [64960] Resolved module firebase-admin {"declared":true,"installed":true,"version":"8.13.0","resolution":"/Users/tommyboone23/dev/Amazon-Clone/client/functions/node_modules/firebase-admin/lib/index.js"} {"metadata":{"emulator":{"name":"functions"},"message":"[runtime-status] [64960] Resolved module firebase-admin {\"declared\":true,\"installed\":true,\"version\":\"8.13.0\",\"resolution\":\"/Users/tommyboone23/dev/Amazon-Clone/client/functions/node_modules/firebase-admin/lib/index.js\"}"}}
[debug] [2020-09-30T16:50:51.843Z] [runtime-status] [64960] Resolved module firebase-functions {"declared":true,"installed":true,"version":"3.11.0","resolution":"/Users/tommyboone23/dev/Amazon-Clone/client/functions/node_modules/firebase-functions/lib/index.js"} {"metadata":{"emulator":{"name":"functions"},"message":"[runtime-status] [64960] Resolved module firebase-functions {\"declared\":true,\"installed\":true,\"version\":\"3.11.0\",\"resolution\":\"/Users/tommyboone23/dev/Amazon-Clone/client/functions/node_modules/firebase-functions/lib/index.js\"}"}}
[debug] [2020-09-30T16:50:51.843Z] [runtime-status] [64960] firebase-admin has been stubbed. {"adminResolution":{"declared":true,"installed":true,"version":"8.13.0","resolution":"/Users/tommyboone23/dev/Amazon-Clone/client/functions/node_modules/firebase-admin/lib/index.js"}} {"metadata":{"emulator":{"name":"functions"},"message":"[runtime-status] [64960] firebase-admin has been stubbed. {\"adminResolution\":{\"declared\":true,\"installed\":true,\"version\":\"8.13.0\",\"resolution\":\"/Users/tommyboone23/dev/Amazon-Clone/client/functions/node_modules/firebase-admin/lib/index.js\"}}"}}
[info] ✔  functions[api]: http function initialized (http://localhost:5001/clone-368c5/us-central1/api). {"metadata":{"emulator":{"name":"functions"},"message":"\u001b[1mhttp\u001b[22m function initialized (http://localhost:5001/clone-368c5/us-central1/api)."}}
[info] 
┌───────────────────────────────────────────────────────────────────────┐
│ ✔  All emulators ready! View status and logs at http://localhost:4000 │
└───────────────────────────────────────────────────────────────────────┘

┌───────────┬────────────────┬─────────────────────────────────┐
│ Emulator  │ Host:Port      │ View in Emulator UI             │
├───────────┼────────────────┼─────────────────────────────────┤
│ Functions │ localhost:5001 │ http://localhost:4000/functions │
├───────────┼────────────────┼─────────────────────────────────┤
│ Hosting   │ localhost:5000 │ n/a                             │
└───────────┴────────────────┴─────────────────────────────────┘
  Other reserved ports: 4400, 4500

Issues? Report them at https://github.com/firebase/firebase-tools/issues and attach the *-debug.log files.
 
[debug] [2020-09-30T16:50:52.312Z] [worker-~diagnostic~-c89dd46b-76ac-4cd8-9d97-baff86e4d43b]: IDLE {"metadata":{"emulator":{"name":"functions"},"message":"[worker-~diagnostic~-c89dd46b-76ac-4cd8-9d97-baff86e4d43b]: IDLE"}}
[debug] [2020-09-30T16:52:48.727Z] [work-queue] {"queueLength":1,"workRunningCount":0}
[debug] [2020-09-30T16:52:48.728Z] [work-queue] {"queueLength":0,"workRunningCount":1}
[debug] [2020-09-30T16:52:48.729Z] Accepted request GET /clone-368c5/us-central1/api --> api
[debug] [2020-09-30T16:52:48.737Z] [worker-pool] addWorker(api) {"metadata":{"emulator":{"name":"functions"},"message":"[worker-pool] addWorker(api)"}}
[debug] [2020-09-30T16:52:48.738Z] [worker-pool] Adding worker with key api, total=1 {"metadata":{"emulator":{"name":"functions"},"message":"[worker-pool] Adding worker with key api, total=1"}}
[debug] [2020-09-30T16:52:48.738Z] [worker-pool] submitWork(triggerId=api) {"metadata":{"emulator":{"name":"functions"},"message":"[worker-pool] submitWork(triggerId=api)"}}
[debug] [2020-09-30T16:52:48.738Z] [worker-api-f91bcb39-3bfa-4efd-bf08-cfa037584ffb]: Assigning socketPath: /var/folders/c6/g7144_x956v42bz9jftcvyl80000gn/T/fire_emu_64977.sock {"metadata":{"emulator":{"name":"functions"},"message":"[worker-api-f91bcb39-3bfa-4efd-bf08-cfa037584ffb]: Assigning socketPath: /var/folders/c6/g7144_x956v42bz9jftcvyl80000gn/T/fire_emu_64977.sock"}}
[debug] [2020-09-30T16:52:48.738Z] [worker-api-f91bcb39-3bfa-4efd-bf08-cfa037584ffb]: BUSY {"metadata":{"emulator":{"name":"functions"},"message":"[worker-api-f91bcb39-3bfa-4efd-bf08-cfa037584ffb]: BUSY"}}
[debug] [2020-09-30T16:52:50.149Z] [runtime-status] [64977] Functions runtime initialized. {"cwd":"/Users/tommyboone23/dev/Amazon-Clone/client/functions","node_version":"12.18.1"} {"metadata":{"emulator":{"name":"functions"},"function":{"name":"api"},"message":"[runtime-status] [64977] Functions runtime initialized. {\"cwd\":\"/Users/tommyboone23/dev/Amazon-Clone/client/functions\",\"node_version\":\"12.18.1\"}"}}
[debug] [2020-09-30T16:52:50.152Z] [runtime-status] [64977] Disabled runtime features: undefined {"metadata":{"emulator":{"name":"functions"},"function":{"name":"api"},"message":"[runtime-status] [64977] Disabled runtime features: undefined"}}
[debug] [2020-09-30T16:52:50.158Z] [runtime-status] [64977] Resolved module firebase-admin {"declared":true,"installed":true,"version":"8.13.0","resolution":"/Users/tommyboone23/dev/Amazon-Clone/client/functions/node_modules/firebase-admin/lib/index.js"} {"metadata":{"emulator":{"name":"functions"},"function":{"name":"api"},"message":"[runtime-status] [64977] Resolved module firebase-admin {\"declared\":true,\"installed\":true,\"version\":\"8.13.0\",\"resolution\":\"/Users/tommyboone23/dev/Amazon-Clone/client/functions/node_modules/firebase-admin/lib/index.js\"}"}}
[debug] [2020-09-30T16:52:50.160Z] [runtime-status] [64977] Resolved module firebase-functions {"declared":true,"installed":true,"version":"3.11.0","resolution":"/Users/tommyboone23/dev/Amazon-Clone/client/functions/node_modules/firebase-functions/lib/index.js"} {"metadata":{"emulator":{"name":"functions"},"function":{"name":"api"},"message":"[runtime-status] [64977] Resolved module firebase-functions {\"declared\":true,\"installed\":true,\"version\":\"3.11.0\",\"resolution\":\"/Users/tommyboone23/dev/Amazon-Clone/client/functions/node_modules/firebase-functions/lib/index.js\"}"}}
[debug] [2020-09-30T16:52:50.162Z] [runtime-status] [64977] Resolved module firebase-functions {"declared":true,"installed":true,"version":"3.11.0","resolution":"/Users/tommyboone23/dev/Amazon-Clone/client/functions/node_modules/firebase-functions/lib/index.js"} {"metadata":{"emulator":{"name":"functions"},"function":{"name":"api"},"message":"[runtime-status] [64977] Resolved module firebase-functions {\"declared\":true,\"installed\":true,\"version\":\"3.11.0\",\"resolution\":\"/Users/tommyboone23/dev/Amazon-Clone/client/functions/node_modules/firebase-functions/lib/index.js\"}"}}
[debug] [2020-09-30T16:52:50.165Z] [runtime-status] [64977] Outgoing network have been stubbed. [{"name":"http","status":"mocked"},{"name":"http","status":"mocked"},{"name":"https","status":"mocked"},{"name":"https","status":"mocked"},{"name":"net","status":"mocked"}] {"metadata":{"emulator":{"name":"functions"},"function":{"name":"api"},"message":"[runtime-status] [64977] Outgoing network have been stubbed. [{\"name\":\"http\",\"status\":\"mocked\"},{\"name\":\"http\",\"status\":\"mocked\"},{\"name\":\"https\",\"status\":\"mocked\"},{\"name\":\"https\",\"status\":\"mocked\"},{\"name\":\"net\",\"status\":\"mocked\"}]"}}
[debug] [2020-09-30T16:52:50.166Z] [runtime-status] [64977] Resolved module firebase-functions {"declared":true,"installed":true,"version":"3.11.0","resolution":"/Users/tommyboone23/dev/Amazon-Clone/client/functions/node_modules/firebase-functions/lib/index.js"} {"metadata":{"emulator":{"name":"functions"},"function":{"name":"api"},"message":"[runtime-status] [64977] Resolved module firebase-functions {\"declared\":true,\"installed\":true,\"version\":\"3.11.0\",\"resolution\":\"/Users/tommyboone23/dev/Amazon-Clone/client/functions/node_modules/firebase-functions/lib/index.js\"}"}}
[debug] [2020-09-30T16:52:50.279Z] [runtime-status] [64977] Checked functions.config() {"config":{}} {"metadata":{"emulator":{"name":"functions"},"function":{"name":"api"},"message":"[runtime-status] [64977] Checked functions.config() {\"config\":{}}"}}
[debug] [2020-09-30T16:52:50.282Z] [runtime-status] [64977] firebase-functions has been stubbed. {"functionsResolution":{"declared":true,"installed":true,"version":"3.11.0","resolution":"/Users/tommyboone23/dev/Amazon-Clone/client/functions/node_modules/firebase-functions/lib/index.js"}} {"metadata":{"emulator":{"name":"functions"},"function":{"name":"api"},"message":"[runtime-status] [64977] firebase-functions has been stubbed. {\"functionsResolution\":{\"declared\":true,\"installed\":true,\"version\":\"3.11.0\",\"resolution\":\"/Users/tommyboone23/dev/Amazon-Clone/client/functions/node_modules/firebase-functions/lib/index.js\"}}"}}
[debug] [2020-09-30T16:52:50.283Z] [runtime-status] [64977] Resolved module firebase-functions {"declared":true,"installed":true,"version":"3.11.0","resolution":"/Users/tommyboone23/dev/Amazon-Clone/client/functions/node_modules/firebase-functions/lib/index.js"} {"metadata":{"emulator":{"name":"functions"},"function":{"name":"api"},"message":"[runtime-status] [64977] Resolved module firebase-functions {\"declared\":true,\"installed\":true,\"version\":\"3.11.0\",\"resolution\":\"/Users/tommyboone23/dev/Amazon-Clone/client/functions/node_modules/firebase-functions/lib/index.js\"}"}}
[debug] [2020-09-30T16:52:50.285Z] [runtime-status] [64977] Resolved module firebase-admin {"declared":true,"installed":true,"version":"8.13.0","resolution":"/Users/tommyboone23/dev/Amazon-Clone/client/functions/node_modules/firebase-admin/lib/index.js"} {"metadata":{"emulator":{"name":"functions"},"function":{"name":"api"},"message":"[runtime-status] [64977] Resolved module firebase-admin {\"declared\":true,\"installed\":true,\"version\":\"8.13.0\",\"resolution\":\"/Users/tommyboone23/dev/Amazon-Clone/client/functions/node_modules/firebase-admin/lib/index.js\"}"}}
[debug] [2020-09-30T16:52:50.286Z] [runtime-status] [64977] Resolved module firebase-functions {"declared":true,"installed":true,"version":"3.11.0","resolution":"/Users/tommyboone23/dev/Amazon-Clone/client/functions/node_modules/firebase-functions/lib/index.js"} {"metadata":{"emulator":{"name":"functions"},"function":{"name":"api"},"message":"[runtime-status] [64977] Resolved module firebase-functions {\"declared\":true,\"installed\":true,\"version\":\"3.11.0\",\"resolution\":\"/Users/tommyboone23/dev/Amazon-Clone/client/functions/node_modules/firebase-functions/lib/index.js\"}"}}
[debug] [2020-09-30T16:52:50.286Z] [runtime-status] [64977] firebase-admin has been stubbed. {"adminResolution":{"declared":true,"installed":true,"version":"8.13.0","resolution":"/Users/tommyboone23/dev/Amazon-Clone/client/functions/node_modules/firebase-admin/lib/index.js"}} {"metadata":{"emulator":{"name":"functions"},"function":{"name":"api"},"message":"[runtime-status] [64977] firebase-admin has been stubbed. {\"adminResolution\":{\"declared\":true,\"installed\":true,\"version\":\"8.13.0\",\"resolution\":\"/Users/tommyboone23/dev/Amazon-Clone/client/functions/node_modules/firebase-admin/lib/index.js\"}}"}}
[debug] [2020-09-30T16:52:50.741Z] [runtime-status] [64977] Trigger "api" has been found, beginning invocation! {"metadata":{"emulator":{"name":"functions"},"function":{"name":"api"},"message":"[runtime-status] [64977] Trigger \"api\" has been found, beginning invocation!"}}
[info] i  functions: Beginning execution of "api" {"metadata":{"emulator":{"name":"functions"},"function":{"name":"api"},"message":"Beginning execution of \"api\""}}
[debug] [2020-09-30T16:52:50.772Z] [runtime-status] [64977] triggerDefinition {"httpsTrigger":{},"name":"api","entryPoint":"api"} {"metadata":{"emulator":{"name":"functions"},"function":{"name":"api"},"message":"[runtime-status] [64977] triggerDefinition {\"httpsTrigger\":{},\"name\":\"api\",\"entryPoint\":\"api\"}"}}
[debug] [2020-09-30T16:52:50.772Z] [runtime-status] [64977] Running api in mode HTTPS {"metadata":{"emulator":{"name":"functions"},"function":{"name":"api"},"message":"[runtime-status] [64977] Running api in mode HTTPS"}}
[debug] [2020-09-30T16:52:50.792Z] [runtime-status] [64977] Attempting to listen to socketPath: /var/folders/c6/g7144_x956v42bz9jftcvyl80000gn/T/fire_emu_64977.sock {"metadata":{"emulator":{"name":"functions"},"function":{"name":"api"},"message":"[runtime-status] [64977] Attempting to listen to socketPath: /var/folders/c6/g7144_x956v42bz9jftcvyl80000gn/T/fire_emu_64977.sock"}}
[debug] [2020-09-30T16:52:50.801Z] [functions] Runtime ready! Sending request! {"metadata":{"emulator":{"name":"functions"},"message":"[functions] Runtime ready! Sending request!"}}
[debug] [2020-09-30T16:52:50.839Z] [runtime-status] [64977] Ephemeral server handling GET request {"metadata":{"emulator":{"name":"functions"},"function":{"name":"api"},"message":"[runtime-status] [64977] Ephemeral server handling GET request"}}
[debug] [2020-09-30T16:52:50.876Z] [runtime-status] [64977] Ephemeral server survived. {"metadata":{"emulator":{"name":"functions"},"function":{"name":"api"},"message":"[runtime-status] [64977] Ephemeral server survived."}}
[info] i  functions: Finished "api" in ~1s {"metadata":{"emulator":{"name":"functions"},"function":{"name":"api"},"message":"Finished \"api\" in ~1s"}}
[debug] [2020-09-30T16:52:51.048Z] [worker-api-f91bcb39-3bfa-4efd-bf08-cfa037584ffb]: IDLE {"metadata":{"emulator":{"name":"functions"},"message":"[worker-api-f91bcb39-3bfa-4efd-bf08-cfa037584ffb]: IDLE"}}
[debug] [2020-09-30T16:52:51.049Z] [work-queue] {"queueLength":0,"workRunningCount":0}
[debug] [2020-09-30T16:52:52.080Z] Functions emulator received unknown request at path /favicon.ico
[debug] [2020-09-30T16:55:37.008Z] File /Users/tommyboone23/dev/Amazon-Clone/client/functions/index.js changed, reloading triggers {"metadata":{"emulator":{"name":"functions"},"message":"File /Users/tommyboone23/dev/Amazon-Clone/client/functions/index.js changed, reloading triggers"}}
[debug] [2020-09-30T16:55:38.014Z] [worker-pool] Shutting down IDLE worker (~diagnostic~) {"metadata":{"emulator":{"name":"functions"},"message":"[worker-pool] Shutting down IDLE worker (~diagnostic~)"}}
[debug] [2020-09-30T16:55:38.014Z] [worker-~diagnostic~-c89dd46b-76ac-4cd8-9d97-baff86e4d43b]: FINISHING {"metadata":{"emulator":{"name":"functions"},"message":"[worker-~diagnostic~-c89dd46b-76ac-4cd8-9d97-baff86e4d43b]: FINISHING"}}
[debug] [2020-09-30T16:55:38.016Z] [worker-pool] Shutting down IDLE worker (api) {"metadata":{"emulator":{"name":"functions"},"message":"[worker-pool] Shutting down IDLE worker (api)"}}
[debug] [2020-09-30T16:55:38.016Z] [worker-api-f91bcb39-3bfa-4efd-bf08-cfa037584ffb]: FINISHING {"metadata":{"emulator":{"name":"functions"},"message":"[worker-api-f91bcb39-3bfa-4efd-bf08-cfa037584ffb]: FINISHING"}}
[debug] [2020-09-30T16:55:38.110Z] [worker-pool] addWorker(~diagnostic~) {"metadata":{"emulator":{"name":"functions"},"message":"[worker-pool] addWorker(~diagnostic~)"}}
[debug] [2020-09-30T16:55:38.111Z] [worker-pool] Adding worker with key ~diagnostic~, total=2 {"metadata":{"emulator":{"name":"functions"},"message":"[worker-pool] Adding worker with key ~diagnostic~, total=2"}}
[debug] [2020-09-30T16:55:38.111Z] [worker-pool] submitWork(triggerId=) {"metadata":{"emulator":{"name":"functions"},"message":"[worker-pool] submitWork(triggerId=)"}}
[debug] [2020-09-30T16:55:38.111Z] [worker-~diagnostic~-d8de10d2-659c-424b-82d8-6a32ca5dd052]: Assigning socketPath: /var/folders/c6/g7144_x956v42bz9jftcvyl80000gn/T/fire_emu_64979.sock {"metadata":{"emulator":{"name":"functions"},"message":"[worker-~diagnostic~-d8de10d2-659c-424b-82d8-6a32ca5dd052]: Assigning socketPath: /var/folders/c6/g7144_x956v42bz9jftcvyl80000gn/T/fire_emu_64979.sock"}}
[debug] [2020-09-30T16:55:38.111Z] [worker-~diagnostic~-d8de10d2-659c-424b-82d8-6a32ca5dd052]: BUSY {"metadata":{"emulator":{"name":"functions"},"message":"[worker-~diagnostic~-d8de10d2-659c-424b-82d8-6a32ca5dd052]: BUSY"}}
[debug] [2020-09-30T16:55:38.114Z] [worker-~diagnostic~-c89dd46b-76ac-4cd8-9d97-baff86e4d43b]: exited {"metadata":{"emulator":{"name":"functions"},"message":"[worker-~diagnostic~-c89dd46b-76ac-4cd8-9d97-baff86e4d43b]: exited"}}
[debug] [2020-09-30T16:55:38.114Z] [worker-~diagnostic~-c89dd46b-76ac-4cd8-9d97-baff86e4d43b]: FINISHED {"metadata":{"emulator":{"name":"functions"},"message":"[worker-~diagnostic~-c89dd46b-76ac-4cd8-9d97-baff86e4d43b]: FINISHED"}}
[debug] [2020-09-30T16:55:38.114Z] [worker-api-f91bcb39-3bfa-4efd-bf08-cfa037584ffb]: exited {"metadata":{"emulator":{"name":"functions"},"message":"[worker-api-f91bcb39-3bfa-4efd-bf08-cfa037584ffb]: exited"}}
[debug] [2020-09-30T16:55:38.114Z] [worker-api-f91bcb39-3bfa-4efd-bf08-cfa037584ffb]: FINISHED {"metadata":{"emulator":{"name":"functions"},"message":"[worker-api-f91bcb39-3bfa-4efd-bf08-cfa037584ffb]: FINISHED"}}
[debug] [2020-09-30T16:55:40.455Z] [runtime-status] [64979] Functions runtime initialized. {"cwd":"/Users/tommyboone23/dev/Amazon-Clone/client/functions","node_version":"12.18.1"} {"metadata":{"emulator":{"name":"functions"},"message":"[runtime-status] [64979] Functions runtime initialized. {\"cwd\":\"/Users/tommyboone23/dev/Amazon-Clone/client/functions\",\"node_version\":\"12.18.1\"}"}}
[debug] [2020-09-30T16:55:40.476Z] [runtime-status] [64979] Disabled runtime features: undefined {"metadata":{"emulator":{"name":"functions"},"message":"[runtime-status] [64979] Disabled runtime features: undefined"}}
[debug] [2020-09-30T16:55:40.487Z] [runtime-status] [64979] Resolved module firebase-admin {"declared":true,"installed":true,"version":"8.13.0","resolution":"/Users/tommyboone23/dev/Amazon-Clone/client/functions/node_modules/firebase-admin/lib/index.js"} {"metadata":{"emulator":{"name":"functions"},"message":"[runtime-status] [64979] Resolved module firebase-admin {\"declared\":true,\"installed\":true,\"version\":\"8.13.0\",\"resolution\":\"/Users/tommyboone23/dev/Amazon-Clone/client/functions/node_modules/firebase-admin/lib/index.js\"}"}}
[debug] [2020-09-30T16:55:40.488Z] [runtime-status] [64979] Resolved module firebase-functions {"declared":true,"installed":true,"version":"3.11.0","resolution":"/Users/tommyboone23/dev/Amazon-Clone/client/functions/node_modules/firebase-functions/lib/index.js"} {"metadata":{"emulator":{"name":"functions"},"message":"[runtime-status] [64979] Resolved module firebase-functions {\"declared\":true,\"installed\":true,\"version\":\"3.11.0\",\"resolution\":\"/Users/tommyboone23/dev/Amazon-Clone/client/functions/node_modules/firebase-functions/lib/index.js\"}"}}
[debug] [2020-09-30T16:55:40.498Z] [runtime-status] [64979] Resolved module firebase-functions {"declared":true,"installed":true,"version":"3.11.0","resolution":"/Users/tommyboone23/dev/Amazon-Clone/client/functions/node_modules/firebase-functions/lib/index.js"} {"metadata":{"emulator":{"name":"functions"},"message":"[runtime-status] [64979] Resolved module firebase-functions {\"declared\":true,\"installed\":true,\"version\":\"3.11.0\",\"resolution\":\"/Users/tommyboone23/dev/Amazon-Clone/client/functions/node_modules/firebase-functions/lib/index.js\"}"}}
[debug] [2020-09-30T16:55:40.511Z] [runtime-status] [64979] Outgoing network have been stubbed. [{"name":"http","status":"mocked"},{"name":"http","status":"mocked"},{"name":"https","status":"mocked"},{"name":"https","status":"mocked"},{"name":"net","status":"mocked"}] {"metadata":{"emulator":{"name":"functions"},"message":"[runtime-status] [64979] Outgoing network have been stubbed. [{\"name\":\"http\",\"status\":\"mocked\"},{\"name\":\"http\",\"status\":\"mocked\"},{\"name\":\"https\",\"status\":\"mocked\"},{\"name\":\"https\",\"status\":\"mocked\"},{\"name\":\"net\",\"status\":\"mocked\"}]"}}
[debug] [2020-09-30T16:55:40.513Z] [runtime-status] [64979] Resolved module firebase-functions {"declared":true,"installed":true,"version":"3.11.0","resolution":"/Users/tommyboone23/dev/Amazon-Clone/client/functions/node_modules/firebase-functions/lib/index.js"} {"metadata":{"emulator":{"name":"functions"},"message":"[runtime-status] [64979] Resolved module firebase-functions {\"declared\":true,\"installed\":true,\"version\":\"3.11.0\",\"resolution\":\"/Users/tommyboone23/dev/Amazon-Clone/client/functions/node_modules/firebase-functions/lib/index.js\"}"}}
[debug] [2020-09-30T16:55:40.646Z] [runtime-status] [64979] Checked functions.config() {"config":{}} {"metadata":{"emulator":{"name":"functions"},"message":"[runtime-status] [64979] Checked functions.config() {\"config\":{}}"}}
[debug] [2020-09-30T16:55:40.646Z] [runtime-status] [64979] firebase-functions has been stubbed. {"functionsResolution":{"declared":true,"installed":true,"version":"3.11.0","resolution":"/Users/tommyboone23/dev/Amazon-Clone/client/functions/node_modules/firebase-functions/lib/index.js"}} {"metadata":{"emulator":{"name":"functions"},"message":"[runtime-status] [64979] firebase-functions has been stubbed. {\"functionsResolution\":{\"declared\":true,\"installed\":true,\"version\":\"3.11.0\",\"resolution\":\"/Users/tommyboone23/dev/Amazon-Clone/client/functions/node_modules/firebase-functions/lib/index.js\"}}"}}
[debug] [2020-09-30T16:55:40.647Z] [runtime-status] [64979] Resolved module firebase-functions {"declared":true,"installed":true,"version":"3.11.0","resolution":"/Users/tommyboone23/dev/Amazon-Clone/client/functions/node_modules/firebase-functions/lib/index.js"} {"metadata":{"emulator":{"name":"functions"},"message":"[runtime-status] [64979] Resolved module firebase-functions {\"declared\":true,\"installed\":true,\"version\":\"3.11.0\",\"resolution\":\"/Users/tommyboone23/dev/Amazon-Clone/client/functions/node_modules/firebase-functions/lib/index.js\"}"}}
[debug] [2020-09-30T16:55:40.649Z] [runtime-status] [64979] Resolved module firebase-admin {"declared":true,"installed":true,"version":"8.13.0","resolution":"/Users/tommyboone23/dev/Amazon-Clone/client/functions/node_modules/firebase-admin/lib/index.js"} {"metadata":{"emulator":{"name":"functions"},"message":"[runtime-status] [64979] Resolved module firebase-admin {\"declared\":true,\"installed\":true,\"version\":\"8.13.0\",\"resolution\":\"/Users/tommyboone23/dev/Amazon-Clone/client/functions/node_modules/firebase-admin/lib/index.js\"}"}}
[debug] [2020-09-30T16:55:40.649Z] [runtime-status] [64979] Resolved module firebase-functions {"declared":true,"installed":true,"version":"3.11.0","resolution":"/Users/tommyboone23/dev/Amazon-Clone/client/functions/node_modules/firebase-functions/lib/index.js"} {"metadata":{"emulator":{"name":"functions"},"message":"[runtime-status] [64979] Resolved module firebase-functions {\"declared\":true,\"installed\":true,\"version\":\"3.11.0\",\"resolution\":\"/Users/tommyboone23/dev/Amazon-Clone/client/functions/node_modules/firebase-functions/lib/index.js\"}"}}
[debug] [2020-09-30T16:55:40.650Z] [runtime-status] [64979] firebase-admin has been stubbed. {"adminResolution":{"declared":true,"installed":true,"version":"8.13.0","resolution":"/Users/tommyboone23/dev/Amazon-Clone/client/functions/node_modules/firebase-admin/lib/index.js"}} {"metadata":{"emulator":{"name":"functions"},"message":"[runtime-status] [64979] firebase-admin has been stubbed. {\"adminResolution\":{\"declared\":true,\"installed\":true,\"version\":\"8.13.0\",\"resolution\":\"/Users/tommyboone23/dev/Amazon-Clone/client/functions/node_modules/firebase-admin/lib/index.js\"}}"}}
[debug] [2020-09-30T16:55:41.334Z] [worker-~diagnostic~-d8de10d2-659c-424b-82d8-6a32ca5dd052]: IDLE {"metadata":{"emulator":{"name":"functions"},"message":"[worker-~diagnostic~-d8de10d2-659c-424b-82d8-6a32ca5dd052]: IDLE"}}
[debug] [2020-09-30T16:59:00.384Z] File /Users/tommyboone23/dev/Amazon-Clone/client/functions/index.js changed, reloading triggers {"metadata":{"emulator":{"name":"functions"},"message":"File /Users/tommyboone23/dev/Amazon-Clone/client/functions/index.js changed, reloading triggers"}}
[debug] [2020-09-30T16:59:01.391Z] [worker-pool] Shutting down IDLE worker (~diagnostic~) {"metadata":{"emulator":{"name":"functions"},"message":"[worker-pool] Shutting down IDLE worker (~diagnostic~)"}}
[debug] [2020-09-30T16:59:01.392Z] [worker-~diagnostic~-d8de10d2-659c-424b-82d8-6a32ca5dd052]: FINISHING {"metadata":{"emulator":{"name":"functions"},"message":"[worker-~diagnostic~-d8de10d2-659c-424b-82d8-6a32ca5dd052]: FINISHING"}}
[debug] [2020-09-30T16:59:01.394Z] [worker-pool] Cleaned up workers for ~diagnostic~: 2 --> 1 {"metadata":{"emulator":{"name":"functions"},"message":"[worker-pool] Cleaned up workers for ~diagnostic~: 2 --> 1"}}
[debug] [2020-09-30T16:59:01.394Z] [worker-pool] Cleaned up workers for api: 1 --> 0 {"metadata":{"emulator":{"name":"functions"},"message":"[worker-pool] Cleaned up workers for api: 1 --> 0"}}
[debug] [2020-09-30T16:59:01.409Z] [worker-pool] addWorker(~diagnostic~) {"metadata":{"emulator":{"name":"functions"},"message":"[worker-pool] addWorker(~diagnostic~)"}}
[debug] [2020-09-30T16:59:01.409Z] [worker-pool] Adding worker with key ~diagnostic~, total=2 {"metadata":{"emulator":{"name":"functions"},"message":"[worker-pool] Adding worker with key ~diagnostic~, total=2"}}
[debug] [2020-09-30T16:59:01.409Z] [worker-pool] submitWork(triggerId=) {"metadata":{"emulator":{"name":"functions"},"message":"[worker-pool] submitWork(triggerId=)"}}
[debug] [2020-09-30T16:59:01.411Z] [worker-~diagnostic~-84f16356-a323-4f68-ae33-eaa7b0a1831e]: Assigning socketPath: /var/folders/c6/g7144_x956v42bz9jftcvyl80000gn/T/fire_emu_65009.sock {"metadata":{"emulator":{"name":"functions"},"message":"[worker-~diagnostic~-84f16356-a323-4f68-ae33-eaa7b0a1831e]: Assigning socketPath: /var/folders/c6/g7144_x956v42bz9jftcvyl80000gn/T/fire_emu_65009.sock"}}
[debug] [2020-09-30T16:59:01.412Z] [worker-~diagnostic~-84f16356-a323-4f68-ae33-eaa7b0a1831e]: BUSY {"metadata":{"emulator":{"name":"functions"},"message":"[worker-~diagnostic~-84f16356-a323-4f68-ae33-eaa7b0a1831e]: BUSY"}}
[debug] [2020-09-30T16:59:01.413Z] [worker-~diagnostic~-d8de10d2-659c-424b-82d8-6a32ca5dd052]: exited {"metadata":{"emulator":{"name":"functions"},"message":"[worker-~diagnostic~-d8de10d2-659c-424b-82d8-6a32ca5dd052]: exited"}}
[debug] [2020-09-30T16:59:01.417Z] [worker-~diagnostic~-d8de10d2-659c-424b-82d8-6a32ca5dd052]: FINISHED {"metadata":{"emulator":{"name":"functions"},"message":"[worker-~diagnostic~-d8de10d2-659c-424b-82d8-6a32ca5dd052]: FINISHED"}}
[debug] [2020-09-30T16:59:02.674Z] [runtime-status] [65009] Functions runtime initialized. {"cwd":"/Users/tommyboone23/dev/Amazon-Clone/client/functions","node_version":"12.18.1"} {"metadata":{"emulator":{"name":"functions"},"message":"[runtime-status] [65009] Functions runtime initialized. {\"cwd\":\"/Users/tommyboone23/dev/Amazon-Clone/client/functions\",\"node_version\":\"12.18.1\"}"}}
[debug] [2020-09-30T16:59:02.676Z] [runtime-status] [65009] Disabled runtime features: undefined {"metadata":{"emulator":{"name":"functions"},"message":"[runtime-status] [65009] Disabled runtime features: undefined"}}
[debug] [2020-09-30T16:59:02.681Z] [runtime-status] [65009] Resolved module firebase-admin {"declared":true,"installed":true,"version":"8.13.0","resolution":"/Users/tommyboone23/dev/Amazon-Clone/client/functions/node_modules/firebase-admin/lib/index.js"} {"metadata":{"emulator":{"name":"functions"},"message":"[runtime-status] [65009] Resolved module firebase-admin {\"declared\":true,\"installed\":true,\"version\":\"8.13.0\",\"resolution\":\"/Users/tommyboone23/dev/Amazon-Clone/client/functions/node_modules/firebase-admin/lib/index.js\"}"}}
[debug] [2020-09-30T16:59:02.685Z] [runtime-status] [65009] Resolved module firebase-functions {"declared":true,"installed":true,"version":"3.11.0","resolution":"/Users/tommyboone23/dev/Amazon-Clone/client/functions/node_modules/firebase-functions/lib/index.js"} {"metadata":{"emulator":{"name":"functions"},"message":"[runtime-status] [65009] Resolved module firebase-functions {\"declared\":true,\"installed\":true,\"version\":\"3.11.0\",\"resolution\":\"/Users/tommyboone23/dev/Amazon-Clone/client/functions/node_modules/firebase-functions/lib/index.js\"}"}}
[debug] [2020-09-30T16:59:02.688Z] [runtime-status] [65009] Resolved module firebase-functions {"declared":true,"installed":true,"version":"3.11.0","resolution":"/Users/tommyboone23/dev/Amazon-Clone/client/functions/node_modules/firebase-functions/lib/index.js"} {"metadata":{"emulator":{"name":"functions"},"message":"[runtime-status] [65009] Resolved module firebase-functions {\"declared\":true,\"installed\":true,\"version\":\"3.11.0\",\"resolution\":\"/Users/tommyboone23/dev/Amazon-Clone/client/functions/node_modules/firebase-functions/lib/index.js\"}"}}
[debug] [2020-09-30T16:59:02.692Z] [runtime-status] [65009] Outgoing network have been stubbed. [{"name":"http","status":"mocked"},{"name":"http","status":"mocked"},{"name":"https","status":"mocked"},{"name":"https","status":"mocked"},{"name":"net","status":"mocked"}] {"metadata":{"emulator":{"name":"functions"},"message":"[runtime-status] [65009] Outgoing network have been stubbed. [{\"name\":\"http\",\"status\":\"mocked\"},{\"name\":\"http\",\"status\":\"mocked\"},{\"name\":\"https\",\"status\":\"mocked\"},{\"name\":\"https\",\"status\":\"mocked\"},{\"name\":\"net\",\"status\":\"mocked\"}]"}}
[debug] [2020-09-30T16:59:02.693Z] [runtime-status] [65009] Resolved module firebase-functions {"declared":true,"installed":true,"version":"3.11.0","resolution":"/Users/tommyboone23/dev/Amazon-Clone/client/functions/node_modules/firebase-functions/lib/index.js"} {"metadata":{"emulator":{"name":"functions"},"message":"[runtime-status] [65009] Resolved module firebase-functions {\"declared\":true,\"installed\":true,\"version\":\"3.11.0\",\"resolution\":\"/Users/tommyboone23/dev/Amazon-Clone/client/functions/node_modules/firebase-functions/lib/index.js\"}"}}
[debug] [2020-09-30T16:59:02.810Z] [runtime-status] [65009] Checked functions.config() {"config":{}} {"metadata":{"emulator":{"name":"functions"},"message":"[runtime-status] [65009] Checked functions.config() {\"config\":{}}"}}
[debug] [2020-09-30T16:59:02.810Z] [runtime-status] [65009] firebase-functions has been stubbed. {"functionsResolution":{"declared":true,"installed":true,"version":"3.11.0","resolution":"/Users/tommyboone23/dev/Amazon-Clone/client/functions/node_modules/firebase-functions/lib/index.js"}} {"metadata":{"emulator":{"name":"functions"},"message":"[runtime-status] [65009] firebase-functions has been stubbed. {\"functionsResolution\":{\"declared\":true,\"installed\":true,\"version\":\"3.11.0\",\"resolution\":\"/Users/tommyboone23/dev/Amazon-Clone/client/functions/node_modules/firebase-functions/lib/index.js\"}}"}}
[debug] [2020-09-30T16:59:02.810Z] [runtime-status] [65009] Resolved module firebase-functions {"declared":true,"installed":true,"version":"3.11.0","resolution":"/Users/tommyboone23/dev/Amazon-Clone/client/functions/node_modules/firebase-functions/lib/index.js"} {"metadata":{"emulator":{"name":"functions"},"message":"[runtime-status] [65009] Resolved module firebase-functions {\"declared\":true,\"installed\":true,\"version\":\"3.11.0\",\"resolution\":\"/Users/tommyboone23/dev/Amazon-Clone/client/functions/node_modules/firebase-functions/lib/index.js\"}"}}
[debug] [2020-09-30T16:59:02.811Z] [runtime-status] [65009] Resolved module firebase-admin {"declared":true,"installed":true,"version":"8.13.0","resolution":"/Users/tommyboone23/dev/Amazon-Clone/client/functions/node_modules/firebase-admin/lib/index.js"} {"metadata":{"emulator":{"name":"functions"},"message":"[runtime-status] [65009] Resolved module firebase-admin {\"declared\":true,\"installed\":true,\"version\":\"8.13.0\",\"resolution\":\"/Users/tommyboone23/dev/Amazon-Clone/client/functions/node_modules/firebase-admin/lib/index.js\"}"}}
[debug] [2020-09-30T16:59:02.811Z] [runtime-status] [65009] Resolved module firebase-functions {"declared":true,"installed":true,"version":"3.11.0","resolution":"/Users/tommyboone23/dev/Amazon-Clone/client/functions/node_modules/firebase-functions/lib/index.js"} {"metadata":{"emulator":{"name":"functions"},"message":"[runtime-status] [65009] Resolved module firebase-functions {\"declared\":true,\"installed\":true,\"version\":\"3.11.0\",\"resolution\":\"/Users/tommyboone23/dev/Amazon-Clone/client/functions/node_modules/firebase-functions/lib/index.js\"}"}}
[debug] [2020-09-30T16:59:02.811Z] [runtime-status] [65009] firebase-admin has been stubbed. {"adminResolution":{"declared":true,"installed":true,"version":"8.13.0","resolution":"/Users/tommyboone23/dev/Amazon-Clone/client/functions/node_modules/firebase-admin/lib/index.js"}} {"metadata":{"emulator":{"name":"functions"},"message":"[runtime-status] [65009] firebase-admin has been stubbed. {\"adminResolution\":{\"declared\":true,\"installed\":true,\"version\":\"8.13.0\",\"resolution\":\"/Users/tommyboone23/dev/Amazon-Clone/client/functions/node_modules/firebase-admin/lib/index.js\"}}"}}
[debug] [2020-09-30T16:59:03.184Z] [worker-~diagnostic~-84f16356-a323-4f68-ae33-eaa7b0a1831e]: IDLE {"metadata":{"emulator":{"name":"functions"},"message":"[worker-~diagnostic~-84f16356-a323-4f68-ae33-eaa7b0a1831e]: IDLE"}}
[debug] [2020-09-30T17:02:24.696Z] [work-queue] {"queueLength":1,"workRunningCount":0}
[debug] [2020-09-30T17:02:24.696Z] [work-queue] {"queueLength":0,"workRunningCount":1}
[debug] [2020-09-30T17:02:24.696Z] Accepted request GET /clone-368c5/us-central1/api --> api
[debug] [2020-09-30T17:02:24.696Z] [worker-pool] Cleaned up workers for ~diagnostic~: 2 --> 1 {"metadata":{"emulator":{"name":"functions"},"message":"[worker-pool] Cleaned up workers for ~diagnostic~: 2 --> 1"}}
[debug] [2020-09-30T17:02:24.704Z] [worker-pool] addWorker(api) {"metadata":{"emulator":{"name":"functions"},"message":"[worker-pool] addWorker(api)"}}
[debug] [2020-09-30T17:02:24.705Z] [worker-pool] Adding worker with key api, total=1 {"metadata":{"emulator":{"name":"functions"},"message":"[worker-pool] Adding worker with key api, total=1"}}
[debug] [2020-09-30T17:02:24.705Z] [worker-pool] submitWork(triggerId=api) {"metadata":{"emulator":{"name":"functions"},"message":"[worker-pool] submitWork(triggerId=api)"}}
[debug] [2020-09-30T17:02:24.705Z] [worker-api-68b488dc-7dc6-4cc5-a4ef-b6c53f0b4f12]: Assigning socketPath: /var/folders/c6/g7144_x956v42bz9jftcvyl80000gn/T/fire_emu_65030.sock {"metadata":{"emulator":{"name":"functions"},"message":"[worker-api-68b488dc-7dc6-4cc5-a4ef-b6c53f0b4f12]: Assigning socketPath: /var/folders/c6/g7144_x956v42bz9jftcvyl80000gn/T/fire_emu_65030.sock"}}
[debug] [2020-09-30T17:02:24.705Z] [worker-api-68b488dc-7dc6-4cc5-a4ef-b6c53f0b4f12]: BUSY {"metadata":{"emulator":{"name":"functions"},"message":"[worker-api-68b488dc-7dc6-4cc5-a4ef-b6c53f0b4f12]: BUSY"}}
[debug] [2020-09-30T17:02:26.142Z] [runtime-status] [65030] Functions runtime initialized. {"cwd":"/Users/tommyboone23/dev/Amazon-Clone/client/functions","node_version":"12.18.1"} {"metadata":{"emulator":{"name":"functions"},"function":{"name":"api"},"message":"[runtime-status] [65030] Functions runtime initialized. {\"cwd\":\"/Users/tommyboone23/dev/Amazon-Clone/client/functions\",\"node_version\":\"12.18.1\"}"}}
[debug] [2020-09-30T17:02:26.144Z] [runtime-status] [65030] Disabled runtime features: undefined {"metadata":{"emulator":{"name":"functions"},"function":{"name":"api"},"message":"[runtime-status] [65030] Disabled runtime features: undefined"}}
[debug] [2020-09-30T17:02:26.151Z] [runtime-status] [65030] Resolved module firebase-admin {"declared":true,"installed":true,"version":"8.13.0","resolution":"/Users/tommyboone23/dev/Amazon-Clone/client/functions/node_modules/firebase-admin/lib/index.js"} {"metadata":{"emulator":{"name":"functions"},"function":{"name":"api"},"message":"[runtime-status] [65030] Resolved module firebase-admin {\"declared\":true,\"installed\":true,\"version\":\"8.13.0\",\"resolution\":\"/Users/tommyboone23/dev/Amazon-Clone/client/functions/node_modules/firebase-admin/lib/index.js\"}"}}
[debug] [2020-09-30T17:02:26.154Z] [runtime-status] [65030] Resolved module firebase-functions {"declared":true,"installed":true,"version":"3.11.0","resolution":"/Users/tommyboone23/dev/Amazon-Clone/client/functions/node_modules/firebase-functions/lib/index.js"} {"metadata":{"emulator":{"name":"functions"},"function":{"name":"api"},"message":"[runtime-status] [65030] Resolved module firebase-functions {\"declared\":true,\"installed\":true,\"version\":\"3.11.0\",\"resolution\":\"/Users/tommyboone23/dev/Amazon-Clone/client/functions/node_modules/firebase-functions/lib/index.js\"}"}}
[debug] [2020-09-30T17:02:26.157Z] [runtime-status] [65030] Resolved module firebase-functions {"declared":true,"installed":true,"version":"3.11.0","resolution":"/Users/tommyboone23/dev/Amazon-Clone/client/functions/node_modules/firebase-functions/lib/index.js"} {"metadata":{"emulator":{"name":"functions"},"function":{"name":"api"},"message":"[runtime-status] [65030] Resolved module firebase-functions {\"declared\":true,\"installed\":true,\"version\":\"3.11.0\",\"resolution\":\"/Users/tommyboone23/dev/Amazon-Clone/client/functions/node_modules/firebase-functions/lib/index.js\"}"}}
[debug] [2020-09-30T17:02:26.168Z] [runtime-status] [65030] Outgoing network have been stubbed. [{"name":"http","status":"mocked"},{"name":"http","status":"mocked"},{"name":"https","status":"mocked"},{"name":"https","status":"mocked"},{"name":"net","status":"mocked"}] {"metadata":{"emulator":{"name":"functions"},"function":{"name":"api"},"message":"[runtime-status] [65030] Outgoing network have been stubbed. [{\"name\":\"http\",\"status\":\"mocked\"},{\"name\":\"http\",\"status\":\"mocked\"},{\"name\":\"https\",\"status\":\"mocked\"},{\"name\":\"https\",\"status\":\"mocked\"},{\"name\":\"net\",\"status\":\"mocked\"}]"}}
[debug] [2020-09-30T17:02:26.168Z] [runtime-status] [65030] Resolved module firebase-functions {"declared":true,"installed":true,"version":"3.11.0","resolution":"/Users/tommyboone23/dev/Amazon-Clone/client/functions/node_modules/firebase-functions/lib/index.js"} {"metadata":{"emulator":{"name":"functions"},"function":{"name":"api"},"message":"[runtime-status] [65030] Resolved module firebase-functions {\"declared\":true,\"installed\":true,\"version\":\"3.11.0\",\"resolution\":\"/Users/tommyboone23/dev/Amazon-Clone/client/functions/node_modules/firebase-functions/lib/index.js\"}"}}
[debug] [2020-09-30T17:02:26.291Z] [runtime-status] [65030] Checked functions.config() {"config":{}} {"metadata":{"emulator":{"name":"functions"},"function":{"name":"api"},"message":"[runtime-status] [65030] Checked functions.config() {\"config\":{}}"}}
[debug] [2020-09-30T17:02:26.291Z] [runtime-status] [65030] firebase-functions has been stubbed. {"functionsResolution":{"declared":true,"installed":true,"version":"3.11.0","resolution":"/Users/tommyboone23/dev/Amazon-Clone/client/functions/node_modules/firebase-functions/lib/index.js"}} {"metadata":{"emulator":{"name":"functions"},"function":{"name":"api"},"message":"[runtime-status] [65030] firebase-functions has been stubbed. {\"functionsResolution\":{\"declared\":true,\"installed\":true,\"version\":\"3.11.0\",\"resolution\":\"/Users/tommyboone23/dev/Amazon-Clone/client/functions/node_modules/firebase-functions/lib/index.js\"}}"}}
[debug] [2020-09-30T17:02:26.292Z] [runtime-status] [65030] Resolved module firebase-functions {"declared":true,"installed":true,"version":"3.11.0","resolution":"/Users/tommyboone23/dev/Amazon-Clone/client/functions/node_modules/firebase-functions/lib/index.js"} {"metadata":{"emulator":{"name":"functions"},"function":{"name":"api"},"message":"[runtime-status] [65030] Resolved module firebase-functions {\"declared\":true,\"installed\":true,\"version\":\"3.11.0\",\"resolution\":\"/Users/tommyboone23/dev/Amazon-Clone/client/functions/node_modules/firebase-functions/lib/index.js\"}"}}
[debug] [2020-09-30T17:02:26.296Z] [runtime-status] [65030] Resolved module firebase-admin {"declared":true,"installed":true,"version":"8.13.0","resolution":"/Users/tommyboone23/dev/Amazon-Clone/client/functions/node_modules/firebase-admin/lib/index.js"} {"metadata":{"emulator":{"name":"functions"},"function":{"name":"api"},"message":"[runtime-status] [65030] Resolved module firebase-admin {\"declared\":true,\"installed\":true,\"version\":\"8.13.0\",\"resolution\":\"/Users/tommyboone23/dev/Amazon-Clone/client/functions/node_modules/firebase-admin/lib/index.js\"}"}}
[debug] [2020-09-30T17:02:26.297Z] [runtime-status] [65030] Resolved module firebase-functions {"declared":true,"installed":true,"version":"3.11.0","resolution":"/Users/tommyboone23/dev/Amazon-Clone/client/functions/node_modules/firebase-functions/lib/index.js"} {"metadata":{"emulator":{"name":"functions"},"function":{"name":"api"},"message":"[runtime-status] [65030] Resolved module firebase-functions {\"declared\":true,\"installed\":true,\"version\":\"3.11.0\",\"resolution\":\"/Users/tommyboone23/dev/Amazon-Clone/client/functions/node_modules/firebase-functions/lib/index.js\"}"}}
[debug] [2020-09-30T17:02:26.297Z] [runtime-status] [65030] firebase-admin has been stubbed. {"adminResolution":{"declared":true,"installed":true,"version":"8.13.0","resolution":"/Users/tommyboone23/dev/Amazon-Clone/client/functions/node_modules/firebase-admin/lib/index.js"}} {"metadata":{"emulator":{"name":"functions"},"function":{"name":"api"},"message":"[runtime-status] [65030] firebase-admin has been stubbed. {\"adminResolution\":{\"declared\":true,\"installed\":true,\"version\":\"8.13.0\",\"resolution\":\"/Users/tommyboone23/dev/Amazon-Clone/client/functions/node_modules/firebase-admin/lib/index.js\"}}"}}
[debug] [2020-09-30T17:02:26.598Z] [runtime-status] [65030] Trigger "api" has been found, beginning invocation! {"metadata":{"emulator":{"name":"functions"},"function":{"name":"api"},"message":"[runtime-status] [65030] Trigger \"api\" has been found, beginning invocation!"}}
[info] i  functions: Beginning execution of "api" {"metadata":{"emulator":{"name":"functions"},"function":{"name":"api"},"message":"Beginning execution of \"api\""}}
[debug] [2020-09-30T17:02:26.601Z] [runtime-status] [65030] triggerDefinition {"httpsTrigger":{},"name":"api","entryPoint":"api"} {"metadata":{"emulator":{"name":"functions"},"function":{"name":"api"},"message":"[runtime-status] [65030] triggerDefinition {\"httpsTrigger\":{},\"name\":\"api\",\"entryPoint\":\"api\"}"}}
[debug] [2020-09-30T17:02:26.601Z] [runtime-status] [65030] Running api in mode HTTPS {"metadata":{"emulator":{"name":"functions"},"function":{"name":"api"},"message":"[runtime-status] [65030] Running api in mode HTTPS"}}
[debug] [2020-09-30T17:02:26.623Z] [runtime-status] [65030] Attempting to listen to socketPath: /var/folders/c6/g7144_x956v42bz9jftcvyl80000gn/T/fire_emu_65030.sock {"metadata":{"emulator":{"name":"functions"},"function":{"name":"api"},"message":"[runtime-status] [65030] Attempting to listen to socketPath: /var/folders/c6/g7144_x956v42bz9jftcvyl80000gn/T/fire_emu_65030.sock"}}
[debug] [2020-09-30T17:02:26.631Z] [functions] Runtime ready! Sending request! {"metadata":{"emulator":{"name":"functions"},"message":"[functions] Runtime ready! Sending request!"}}
[debug] [2020-09-30T17:02:26.653Z] [runtime-status] [65030] Ephemeral server handling GET request {"metadata":{"emulator":{"name":"functions"},"function":{"name":"api"},"message":"[runtime-status] [65030] Ephemeral server handling GET request"}}
[debug] [2020-09-30T17:02:26.672Z] [runtime-status] [65030] Ephemeral server survived. {"metadata":{"emulator":{"name":"functions"},"function":{"name":"api"},"message":"[runtime-status] [65030] Ephemeral server survived."}}
[info] i  functions: Finished "api" in ~1s {"metadata":{"emulator":{"name":"functions"},"function":{"name":"api"},"message":"Finished \"api\" in ~1s"}}
[debug] [2020-09-30T17:02:26.701Z] [worker-api-68b488dc-7dc6-4cc5-a4ef-b6c53f0b4f12]: IDLE {"metadata":{"emulator":{"name":"functions"},"message":"[worker-api-68b488dc-7dc6-4cc5-a4ef-b6c53f0b4f12]: IDLE"}}
[debug] [2020-09-30T17:02:26.702Z] [work-queue] {"queueLength":0,"workRunningCount":0}
[debug] [2020-09-30T17:03:29.615Z] [work-queue] {"queueLength":1,"workRunningCount":0}
[debug] [2020-09-30T17:03:29.615Z] [work-queue] {"queueLength":0,"workRunningCount":1}
[debug] [2020-09-30T17:03:29.616Z] Accepted request POST /clone-368c5/us-central1/api/payments/create?total=0 --> api
[debug] [2020-09-30T17:03:29.616Z] [worker-pool] submitWork(triggerId=api) {"metadata":{"emulator":{"name":"functions"},"message":"[worker-pool] submitWork(triggerId=api)"}}
[debug] [2020-09-30T17:03:29.616Z] [worker-api-68b488dc-7dc6-4cc5-a4ef-b6c53f0b4f12]: Assigning socketPath: /var/folders/c6/g7144_x956v42bz9jftcvyl80000gn/T/fire_emu_65030.sock {"metadata":{"emulator":{"name":"functions"},"message":"[worker-api-68b488dc-7dc6-4cc5-a4ef-b6c53f0b4f12]: Assigning socketPath: /var/folders/c6/g7144_x956v42bz9jftcvyl80000gn/T/fire_emu_65030.sock"}}
[debug] [2020-09-30T17:03:29.616Z] [worker-api-68b488dc-7dc6-4cc5-a4ef-b6c53f0b4f12]: BUSY {"metadata":{"emulator":{"name":"functions"},"message":"[worker-api-68b488dc-7dc6-4cc5-a4ef-b6c53f0b4f12]: BUSY"}}
[debug] [2020-09-30T17:03:29.618Z] [runtime-status] [65030] Trigger "api" has been found, beginning invocation! {"metadata":{"emulator":{"name":"functions"},"function":{"name":"api"},"message":"[runtime-status] [65030] Trigger \"api\" has been found, beginning invocation!"}}
[info] i  functions: Beginning execution of "api" {"metadata":{"emulator":{"name":"functions"},"function":{"name":"api"},"message":"Beginning execution of \"api\""}}
[debug] [2020-09-30T17:03:29.618Z] [runtime-status] [65030] triggerDefinition {"httpsTrigger":{},"name":"api","entryPoint":"api"} {"metadata":{"emulator":{"name":"functions"},"function":{"name":"api"},"message":"[runtime-status] [65030] triggerDefinition {\"httpsTrigger\":{},\"name\":\"api\",\"entryPoint\":\"api\"}"}}
[debug] [2020-09-30T17:03:29.619Z] [runtime-status] [65030] Running api in mode HTTPS {"metadata":{"emulator":{"name":"functions"},"function":{"name":"api"},"message":"[runtime-status] [65030] Running api in mode HTTPS"}}
[debug] [2020-09-30T17:03:29.620Z] [runtime-status] [65030] Attempting to listen to socketPath: /var/folders/c6/g7144_x956v42bz9jftcvyl80000gn/T/fire_emu_65030.sock {"metadata":{"emulator":{"name":"functions"},"function":{"name":"api"},"message":"[runtime-status] [65030] Attempting to listen to socketPath: /var/folders/c6/g7144_x956v42bz9jftcvyl80000gn/T/fire_emu_65030.sock"}}
[debug] [2020-09-30T17:03:29.627Z] [functions] Runtime ready! Sending request! {"metadata":{"emulator":{"name":"functions"},"message":"[functions] Runtime ready! Sending request!"}}
[debug] [2020-09-30T17:03:29.637Z] [runtime-status] [65030] Ephemeral server handling POST request {"metadata":{"emulator":{"name":"functions"},"function":{"name":"api"},"message":"[runtime-status] [65030] Ephemeral server handling POST request"}}
[info] >  Payment Request Recieved for >>>  0 {"user":"Payment Request Recieved for >>>  0","metadata":{"emulator":{"name":"functions"},"function":{"name":"api"},"message":"\u001b[90m> \u001b[39m Payment Request Recieved for >>>  0"}}
[debug] [2020-09-30T17:03:29.659Z] [runtime-status] [65030] Ephemeral server survived. {"metadata":{"emulator":{"name":"functions"},"function":{"name":"api"},"message":"[runtime-status] [65030] Ephemeral server survived."}}
[info] >  (node:65030) UnhandledPromiseRejectionWarning: Error: This value must be greater than or equal to 1. {"user":"(node:65030) UnhandledPromiseRejectionWarning: Error: This value must be greater than or equal to 1.","metadata":{"emulator":{"name":"functions"},"function":{"name":"api"},"message":"\u001b[90m> \u001b[39m (node:65030) UnhandledPromiseRejectionWarning: Error: This value must be greater than or equal to 1."}}
[info] >      at Function.generate (/Users/tommyboone23/dev/Amazon-Clone/client/functions/node_modules/stripe/lib/Error.js:39:16) {"user":"    at Function.generate (/Users/tommyboone23/dev/Amazon-Clone/client/functions/node_modules/stripe/lib/Error.js:39:16)","metadata":{"emulator":{"name":"functions"},"function":{"name":"api"},"message":"\u001b[90m> \u001b[39m     at Function.generate (/Users/tommyboone23/dev/Amazon-Clone/client/functions/node_modules/stripe/lib/Error.js:39:16)"}}
[info] >      at IncomingMessage.<anonymous> (/Users/tommyboone23/dev/Amazon-Clone/client/functions/node_modules/stripe/lib/StripeResource.js:190:33) {"user":"    at IncomingMessage.<anonymous> (/Users/tommyboone23/dev/Amazon-Clone/client/functions/node_modules/stripe/lib/StripeResource.js:190:33)","metadata":{"emulator":{"name":"functions"},"function":{"name":"api"},"message":"\u001b[90m> \u001b[39m     at IncomingMessage.<anonymous> (/Users/tommyboone23/dev/Amazon-Clone/client/functions/node_modules/stripe/lib/StripeResource.js:190:33)"}}
[info] >      at Object.onceWrapper (events.js:421:28) {"user":"    at Object.onceWrapper (events.js:421:28)","metadata":{"emulator":{"name":"functions"},"function":{"name":"api"},"message":"\u001b[90m> \u001b[39m     at Object.onceWrapper (events.js:421:28)"}}
[info] >      at IncomingMessage.emit (events.js:327:22) {"user":"    at IncomingMessage.emit (events.js:327:22)","metadata":{"emulator":{"name":"functions"},"function":{"name":"api"},"message":"\u001b[90m> \u001b[39m     at IncomingMessage.emit (events.js:327:22)"}}
[info] >      at endReadableNT (_stream_readable.js:1221:12) {"user":"    at endReadableNT (_stream_readable.js:1221:12)","metadata":{"emulator":{"name":"functions"},"function":{"name":"api"},"message":"\u001b[90m> \u001b[39m     at endReadableNT (_stream_readable.js:1221:12)"}}
[info] >      at processTicksAndRejections (internal/process/task_queues.js:84:21) {"user":"    at processTicksAndRejections (internal/process/task_queues.js:84:21)","metadata":{"emulator":{"name":"functions"},"function":{"name":"api"},"message":"\u001b[90m> \u001b[39m     at processTicksAndRejections (internal/process/task_queues.js:84:21)"}}
[info] >  (node:65030) UnhandledPromiseRejectionWarning: Unhandled promise rejection. This error originated either by throwing inside of an async function without a catch block, or by rejecting a promise which was not handled with .catch(). To terminate the node process on unhandled promise rejection, use the CLI flag `--unhandled-rejections=strict` (see https://nodejs.org/api/cli.html#cli_unhandled_rejections_mode). (rejection id: 1) {"user":"(node:65030) UnhandledPromiseRejectionWarning: Unhandled promise rejection. This error originated either by throwing inside of an async function without a catch block, or by rejecting a promise which was not handled with .catch(). To terminate the node process on unhandled promise rejection, use the CLI flag `--unhandled-rejections=strict` (see https://nodejs.org/api/cli.html#cli_unhandled_rejections_mode). (rejection id: 1)","metadata":{"emulator":{"name":"functions"},"function":{"name":"api"},"message":"\u001b[90m> \u001b[39m (node:65030) UnhandledPromiseRejectionWarning: Unhandled promise rejection. This error originated either by throwing inside of an async function without a catch block, or by rejecting a promise which was not handled with .catch(). To terminate the node process on unhandled promise rejection, use the CLI flag `--unhandled-rejections=strict` (see https://nodejs.org/api/cli.html#cli_unhandled_rejections_mode). (rejection id: 1)"}}
[info] >  (node:65030) [DEP0018] DeprecationWarning: Unhandled promise rejections are deprecated. In the future, promise rejections that are not handled will terminate the Node.js process with a non-zero exit code. {"user":"(node:65030) [DEP0018] DeprecationWarning: Unhandled promise rejections are deprecated. In the future, promise rejections that are not handled will terminate the Node.js process with a non-zero exit code.","metadata":{"emulator":{"name":"functions"},"function":{"name":"api"},"message":"\u001b[90m> \u001b[39m (node:65030) [DEP0018] DeprecationWarning: Unhandled promise rejections are deprecated. In the future, promise rejections that are not handled will terminate the Node.js process with a non-zero exit code."}}
[warn] ⚠  functions: Your function timed out after ~60s. To configure this timeout, see
      https://firebase.google.com/docs/functions/manage-functions#set_timeout_and_memory_allocation. {"metadata":{"emulator":{"name":"functions"},"function":{"name":"api"},"message":"Your function timed out after ~60s. To configure this timeout, see\n      https://firebase.google.com/docs/functions/manage-functions#set_timeout_and_memory_allocation."}}
[info] >  /Users/tommyboone23/.cache/firebase/tools/lib/node_modules/firebase-tools/lib/emulator/functionsEmulatorRuntime.js:642 {"user":"/Users/tommyboone23/.cache/firebase/tools/lib/node_modules/firebase-tools/lib/emulator/functionsEmulatorRuntime.js:642","metadata":{"emulator":{"name":"functions"},"function":{"name":"api"},"message":"\u001b[90m> \u001b[39m /Users/tommyboone23/.cache/firebase/tools/lib/node_modules/firebase-tools/lib/emulator/functionsEmulatorRuntime.js:642"}}
[info] >                  throw new Error("Function timed out."); {"user":"                throw new Error(\"Function timed out.\");","metadata":{"emulator":{"name":"functions"},"function":{"name":"api"},"message":"\u001b[90m> \u001b[39m                 throw new Error(\"Function timed out.\");"}}
[info] >                  ^ {"user":"                ^","metadata":{"emulator":{"name":"functions"},"function":{"name":"api"},"message":"\u001b[90m> \u001b[39m                 ^"}}
[info] >   {"user":"","metadata":{"emulator":{"name":"functions"},"function":{"name":"api"},"message":"\u001b[90m> \u001b[39m "}}
[info] >  Error: Function timed out. {"user":"Error: Function timed out.","metadata":{"emulator":{"name":"functions"},"function":{"name":"api"},"message":"\u001b[90m> \u001b[39m Error: Function timed out."}}
[info] >      at Timeout._onTimeout (/Users/tommyboone23/.cache/firebase/tools/lib/node_modules/firebase-tools/lib/emulator/functionsEmulatorRuntime.js:642:23) {"user":"    at Timeout._onTimeout (/Users/tommyboone23/.cache/firebase/tools/lib/node_modules/firebase-tools/lib/emulator/functionsEmulatorRuntime.js:642:23)","metadata":{"emulator":{"name":"functions"},"function":{"name":"api"},"message":"\u001b[90m> \u001b[39m     at Timeout._onTimeout (/Users/tommyboone23/.cache/firebase/tools/lib/node_modules/firebase-tools/lib/emulator/functionsEmulatorRuntime.js:642:23)"}}
[info] >      at listOnTimeout (internal/timers.js:549:17) {"user":"    at listOnTimeout (internal/timers.js:549:17)","metadata":{"emulator":{"name":"functions"},"function":{"name":"api"},"message":"\u001b[90m> \u001b[39m     at listOnTimeout (internal/timers.js:549:17)"}}
[info] >      at processTimers (internal/timers.js:492:7) {"user":"    at processTimers (internal/timers.js:492:7)","metadata":{"emulator":{"name":"functions"},"function":{"name":"api"},"message":"\u001b[90m> \u001b[39m     at processTimers (internal/timers.js:492:7)"}}
[debug] [2020-09-30T17:04:29.713Z] [worker-api-68b488dc-7dc6-4cc5-a4ef-b6c53f0b4f12]: exited {"metadata":{"emulator":{"name":"functions"},"message":"[worker-api-68b488dc-7dc6-4cc5-a4ef-b6c53f0b4f12]: exited"}}
[debug] [2020-09-30T17:04:29.713Z] [worker-api-68b488dc-7dc6-4cc5-a4ef-b6c53f0b4f12]: FINISHED {"metadata":{"emulator":{"name":"functions"},"message":"[worker-api-68b488dc-7dc6-4cc5-a4ef-b6c53f0b4f12]: FINISHED"}}
[debug] [2020-09-30T17:04:29.713Z] [work-queue] {"queueLength":0,"workRunningCount":0}
[debug] [2020-09-30T17:05:16.102Z] [work-queue] {"queueLength":1,"workRunningCount":0}
[debug] [2020-09-30T17:05:16.102Z] [work-queue] {"queueLength":0,"workRunningCount":1}
[debug] [2020-09-30T17:05:16.103Z] Accepted request POST /clone-368c5/us-central1/api/payments/create?total=144894 --> api
[debug] [2020-09-30T17:05:16.103Z] [worker-pool] Cleaned up workers for api: 1 --> 0 {"metadata":{"emulator":{"name":"functions"},"message":"[worker-pool] Cleaned up workers for api: 1 --> 0"}}
[debug] [2020-09-30T17:05:16.130Z] [worker-pool] addWorker(api) {"metadata":{"emulator":{"name":"functions"},"message":"[worker-pool] addWorker(api)"}}
[debug] [2020-09-30T17:05:16.130Z] [worker-pool] Adding worker with key api, total=1 {"metadata":{"emulator":{"name":"functions"},"message":"[worker-pool] Adding worker with key api, total=1"}}
[debug] [2020-09-30T17:05:16.131Z] [worker-pool] submitWork(triggerId=api) {"metadata":{"emulator":{"name":"functions"},"message":"[worker-pool] submitWork(triggerId=api)"}}
[debug] [2020-09-30T17:05:16.131Z] [worker-api-dad9d1d6-bc88-41c4-ade7-f7f71b215cc1]: Assigning socketPath: /var/folders/c6/g7144_x956v42bz9jftcvyl80000gn/T/fire_emu_65050.sock {"metadata":{"emulator":{"name":"functions"},"message":"[worker-api-dad9d1d6-bc88-41c4-ade7-f7f71b215cc1]: Assigning socketPath: /var/folders/c6/g7144_x956v42bz9jftcvyl80000gn/T/fire_emu_65050.sock"}}
[debug] [2020-09-30T17:05:16.131Z] [worker-api-dad9d1d6-bc88-41c4-ade7-f7f71b215cc1]: BUSY {"metadata":{"emulator":{"name":"functions"},"message":"[worker-api-dad9d1d6-bc88-41c4-ade7-f7f71b215cc1]: BUSY"}}
[debug] [2020-09-30T17:05:17.392Z] [runtime-status] [65050] Functions runtime initialized. {"cwd":"/Users/tommyboone23/dev/Amazon-Clone/client/functions","node_version":"12.18.1"} {"metadata":{"emulator":{"name":"functions"},"function":{"name":"api"},"message":"[runtime-status] [65050] Functions runtime initialized. {\"cwd\":\"/Users/tommyboone23/dev/Amazon-Clone/client/functions\",\"node_version\":\"12.18.1\"}"}}
[debug] [2020-09-30T17:05:17.395Z] [runtime-status] [65050] Disabled runtime features: undefined {"metadata":{"emulator":{"name":"functions"},"function":{"name":"api"},"message":"[runtime-status] [65050] Disabled runtime features: undefined"}}
[debug] [2020-09-30T17:05:17.403Z] [runtime-status] [65050] Resolved module firebase-admin {"declared":true,"installed":true,"version":"8.13.0","resolution":"/Users/tommyboone23/dev/Amazon-Clone/client/functions/node_modules/firebase-admin/lib/index.js"} {"metadata":{"emulator":{"name":"functions"},"function":{"name":"api"},"message":"[runtime-status] [65050] Resolved module firebase-admin {\"declared\":true,\"installed\":true,\"version\":\"8.13.0\",\"resolution\":\"/Users/tommyboone23/dev/Amazon-Clone/client/functions/node_modules/firebase-admin/lib/index.js\"}"}}
[debug] [2020-09-30T17:05:17.408Z] [runtime-status] [65050] Resolved module firebase-functions {"declared":true,"installed":true,"version":"3.11.0","resolution":"/Users/tommyboone23/dev/Amazon-Clone/client/functions/node_modules/firebase-functions/lib/index.js"} {"metadata":{"emulator":{"name":"functions"},"function":{"name":"api"},"message":"[runtime-status] [65050] Resolved module firebase-functions {\"declared\":true,\"installed\":true,\"version\":\"3.11.0\",\"resolution\":\"/Users/tommyboone23/dev/Amazon-Clone/client/functions/node_modules/firebase-functions/lib/index.js\"}"}}
[debug] [2020-09-30T17:05:17.410Z] [runtime-status] [65050] Resolved module firebase-functions {"declared":true,"installed":true,"version":"3.11.0","resolution":"/Users/tommyboone23/dev/Amazon-Clone/client/functions/node_modules/firebase-functions/lib/index.js"} {"metadata":{"emulator":{"name":"functions"},"function":{"name":"api"},"message":"[runtime-status] [65050] Resolved module firebase-functions {\"declared\":true,\"installed\":true,\"version\":\"3.11.0\",\"resolution\":\"/Users/tommyboone23/dev/Amazon-Clone/client/functions/node_modules/firebase-functions/lib/index.js\"}"}}
[debug] [2020-09-30T17:05:17.415Z] [runtime-status] [65050] Outgoing network have been stubbed. [{"name":"http","status":"mocked"},{"name":"http","status":"mocked"},{"name":"https","status":"mocked"},{"name":"https","status":"mocked"},{"name":"net","status":"mocked"}] {"metadata":{"emulator":{"name":"functions"},"function":{"name":"api"},"message":"[runtime-status] [65050] Outgoing network have been stubbed. [{\"name\":\"http\",\"status\":\"mocked\"},{\"name\":\"http\",\"status\":\"mocked\"},{\"name\":\"https\",\"status\":\"mocked\"},{\"name\":\"https\",\"status\":\"mocked\"},{\"name\":\"net\",\"status\":\"mocked\"}]"}}
[debug] [2020-09-30T17:05:17.415Z] [runtime-status] [65050] Resolved module firebase-functions {"declared":true,"installed":true,"version":"3.11.0","resolution":"/Users/tommyboone23/dev/Amazon-Clone/client/functions/node_modules/firebase-functions/lib/index.js"} {"metadata":{"emulator":{"name":"functions"},"function":{"name":"api"},"message":"[runtime-status] [65050] Resolved module firebase-functions {\"declared\":true,\"installed\":true,\"version\":\"3.11.0\",\"resolution\":\"/Users/tommyboone23/dev/Amazon-Clone/client/functions/node_modules/firebase-functions/lib/index.js\"}"}}
[debug] [2020-09-30T17:05:17.546Z] [runtime-status] [65050] Checked functions.config() {"config":{}} {"metadata":{"emulator":{"name":"functions"},"function":{"name":"api"},"message":"[runtime-status] [65050] Checked functions.config() {\"config\":{}}"}}
[debug] [2020-09-30T17:05:17.547Z] [runtime-status] [65050] firebase-functions has been stubbed. {"functionsResolution":{"declared":true,"installed":true,"version":"3.11.0","resolution":"/Users/tommyboone23/dev/Amazon-Clone/client/functions/node_modules/firebase-functions/lib/index.js"}} {"metadata":{"emulator":{"name":"functions"},"function":{"name":"api"},"message":"[runtime-status] [65050] firebase-functions has been stubbed. {\"functionsResolution\":{\"declared\":true,\"installed\":true,\"version\":\"3.11.0\",\"resolution\":\"/Users/tommyboone23/dev/Amazon-Clone/client/functions/node_modules/firebase-functions/lib/index.js\"}}"}}
[debug] [2020-09-30T17:05:17.548Z] [runtime-status] [65050] Resolved module firebase-functions {"declared":true,"installed":true,"version":"3.11.0","resolution":"/Users/tommyboone23/dev/Amazon-Clone/client/functions/node_modules/firebase-functions/lib/index.js"} {"metadata":{"emulator":{"name":"functions"},"function":{"name":"api"},"message":"[runtime-status] [65050] Resolved module firebase-functions {\"declared\":true,\"installed\":true,\"version\":\"3.11.0\",\"resolution\":\"/Users/tommyboone23/dev/Amazon-Clone/client/functions/node_modules/firebase-functions/lib/index.js\"}"}}
[debug] [2020-09-30T17:05:17.551Z] [runtime-status] [65050] Resolved module firebase-admin {"declared":true,"installed":true,"version":"8.13.0","resolution":"/Users/tommyboone23/dev/Amazon-Clone/client/functions/node_modules/firebase-admin/lib/index.js"} {"metadata":{"emulator":{"name":"functions"},"function":{"name":"api"},"message":"[runtime-status] [65050] Resolved module firebase-admin {\"declared\":true,\"installed\":true,\"version\":\"8.13.0\",\"resolution\":\"/Users/tommyboone23/dev/Amazon-Clone/client/functions/node_modules/firebase-admin/lib/index.js\"}"}}
[debug] [2020-09-30T17:05:17.552Z] [runtime-status] [65050] Resolved module firebase-functions {"declared":true,"installed":true,"version":"3.11.0","resolution":"/Users/tommyboone23/dev/Amazon-Clone/client/functions/node_modules/firebase-functions/lib/index.js"} {"metadata":{"emulator":{"name":"functions"},"function":{"name":"api"},"message":"[runtime-status] [65050] Resolved module firebase-functions {\"declared\":true,\"installed\":true,\"version\":\"3.11.0\",\"resolution\":\"/Users/tommyboone23/dev/Amazon-Clone/client/functions/node_modules/firebase-functions/lib/index.js\"}"}}
[debug] [2020-09-30T17:05:17.552Z] [runtime-status] [65050] firebase-admin has been stubbed. {"adminResolution":{"declared":true,"installed":true,"version":"8.13.0","resolution":"/Users/tommyboone23/dev/Amazon-Clone/client/functions/node_modules/firebase-admin/lib/index.js"}} {"metadata":{"emulator":{"name":"functions"},"function":{"name":"api"},"message":"[runtime-status] [65050] firebase-admin has been stubbed. {\"adminResolution\":{\"declared\":true,\"installed\":true,\"version\":\"8.13.0\",\"resolution\":\"/Users/tommyboone23/dev/Amazon-Clone/client/functions/node_modules/firebase-admin/lib/index.js\"}}"}}
[debug] [2020-09-30T17:05:17.918Z] [runtime-status] [65050] Trigger "api" has been found, beginning invocation! {"metadata":{"emulator":{"name":"functions"},"function":{"name":"api"},"message":"[runtime-status] [65050] Trigger \"api\" has been found, beginning invocation!"}}
[info] i  functions: Beginning execution of "api" {"metadata":{"emulator":{"name":"functions"},"function":{"name":"api"},"message":"Beginning execution of \"api\""}}
[debug] [2020-09-30T17:05:17.918Z] [runtime-status] [65050] triggerDefinition {"httpsTrigger":{},"name":"api","entryPoint":"api"} {"metadata":{"emulator":{"name":"functions"},"function":{"name":"api"},"message":"[runtime-status] [65050] triggerDefinition {\"httpsTrigger\":{},\"name\":\"api\",\"entryPoint\":\"api\"}"}}
[debug] [2020-09-30T17:05:17.919Z] [runtime-status] [65050] Running api in mode HTTPS {"metadata":{"emulator":{"name":"functions"},"function":{"name":"api"},"message":"[runtime-status] [65050] Running api in mode HTTPS"}}
[debug] [2020-09-30T17:05:17.925Z] [runtime-status] [65050] Attempting to listen to socketPath: /var/folders/c6/g7144_x956v42bz9jftcvyl80000gn/T/fire_emu_65050.sock {"metadata":{"emulator":{"name":"functions"},"function":{"name":"api"},"message":"[runtime-status] [65050] Attempting to listen to socketPath: /var/folders/c6/g7144_x956v42bz9jftcvyl80000gn/T/fire_emu_65050.sock"}}
[debug] [2020-09-30T17:05:17.940Z] [functions] Runtime ready! Sending request! {"metadata":{"emulator":{"name":"functions"},"message":"[functions] Runtime ready! Sending request!"}}
[debug] [2020-09-30T17:05:17.961Z] [runtime-status] [65050] Ephemeral server handling POST request {"metadata":{"emulator":{"name":"functions"},"function":{"name":"api"},"message":"[runtime-status] [65050] Ephemeral server handling POST request"}}
[info] >  Payment Request Recieved for >>>  144894 {"user":"Payment Request Recieved for >>>  144894","metadata":{"emulator":{"name":"functions"},"function":{"name":"api"},"message":"\u001b[90m> \u001b[39m Payment Request Recieved for >>>  144894"}}
[debug] [2020-09-30T17:05:18.000Z] [runtime-status] [65050] Ephemeral server survived. {"metadata":{"emulator":{"name":"functions"},"function":{"name":"api"},"message":"[runtime-status] [65050] Ephemeral server survived."}}
[info] i  functions: Finished "api" in ~10s {"metadata":{"emulator":{"name":"functions"},"function":{"name":"api"},"message":"Finished \"api\" in ~10s"}}
[debug] [2020-09-30T17:05:28.322Z] [worker-api-dad9d1d6-bc88-41c4-ade7-f7f71b215cc1]: IDLE {"metadata":{"emulator":{"name":"functions"},"message":"[worker-api-dad9d1d6-bc88-41c4-ade7-f7f71b215cc1]: IDLE"}}
[debug] [2020-09-30T17:05:28.322Z] [work-queue] {"queueLength":0,"workRunningCount":0}
[debug] [2020-09-30T17:08:30.478Z] [work-queue] {"queueLength":1,"workRunningCount":0}
[debug] [2020-09-30T17:08:30.480Z] [work-queue] {"queueLength":0,"workRunningCount":1}
[debug] [2020-09-30T17:08:30.481Z] Accepted request POST /clone-368c5/us-central1/api/payments/create?total=144894 --> api
[debug] [2020-09-30T17:08:30.482Z] [worker-pool] submitWork(triggerId=api) {"metadata":{"emulator":{"name":"functions"},"message":"[worker-pool] submitWork(triggerId=api)"}}
[debug] [2020-09-30T17:08:30.482Z] [worker-api-dad9d1d6-bc88-41c4-ade7-f7f71b215cc1]: Assigning socketPath: /var/folders/c6/g7144_x956v42bz9jftcvyl80000gn/T/fire_emu_65050.sock {"metadata":{"emulator":{"name":"functions"},"message":"[worker-api-dad9d1d6-bc88-41c4-ade7-f7f71b215cc1]: Assigning socketPath: /var/folders/c6/g7144_x956v42bz9jftcvyl80000gn/T/fire_emu_65050.sock"}}
[debug] [2020-09-30T17:08:30.482Z] [worker-api-dad9d1d6-bc88-41c4-ade7-f7f71b215cc1]: BUSY {"metadata":{"emulator":{"name":"functions"},"message":"[worker-api-dad9d1d6-bc88-41c4-ade7-f7f71b215cc1]: BUSY"}}
[debug] [2020-09-30T17:08:30.488Z] [runtime-status] [65050] Trigger "api" has been found, beginning invocation! {"metadata":{"emulator":{"name":"functions"},"function":{"name":"api"},"message":"[runtime-status] [65050] Trigger \"api\" has been found, beginning invocation!"}}
[info] i  functions: Beginning execution of "api" {"metadata":{"emulator":{"name":"functions"},"function":{"name":"api"},"message":"Beginning execution of \"api\""}}
[debug] [2020-09-30T17:08:30.489Z] [runtime-status] [65050] triggerDefinition {"httpsTrigger":{},"name":"api","entryPoint":"api"} {"metadata":{"emulator":{"name":"functions"},"function":{"name":"api"},"message":"[runtime-status] [65050] triggerDefinition {\"httpsTrigger\":{},\"name\":\"api\",\"entryPoint\":\"api\"}"}}
[debug] [2020-09-30T17:08:30.489Z] [runtime-status] [65050] Running api in mode HTTPS {"metadata":{"emulator":{"name":"functions"},"function":{"name":"api"},"message":"[runtime-status] [65050] Running api in mode HTTPS"}}
[debug] [2020-09-30T17:08:30.489Z] [runtime-status] [65050] Attempting to listen to socketPath: /var/folders/c6/g7144_x956v42bz9jftcvyl80000gn/T/fire_emu_65050.sock {"metadata":{"emulator":{"name":"functions"},"function":{"name":"api"},"message":"[runtime-status] [65050] Attempting to listen to socketPath: /var/folders/c6/g7144_x956v42bz9jftcvyl80000gn/T/fire_emu_65050.sock"}}
[debug] [2020-09-30T17:08:30.496Z] [functions] Runtime ready! Sending request! {"metadata":{"emulator":{"name":"functions"},"message":"[functions] Runtime ready! Sending request!"}}
[debug] [2020-09-30T17:08:30.511Z] [runtime-status] [65050] Ephemeral server handling POST request {"metadata":{"emulator":{"name":"functions"},"function":{"name":"api"},"message":"[runtime-status] [65050] Ephemeral server handling POST request"}}
[debug] [2020-09-30T17:08:30.511Z] [runtime-status] [65050] Ephemeral server survived. {"metadata":{"emulator":{"name":"functions"},"function":{"name":"api"},"message":"[runtime-status] [65050] Ephemeral server survived."}}
[info] >  Payment Request Recieved for >>>  144894 {"user":"Payment Request Recieved for >>>  144894","metadata":{"emulator":{"name":"functions"},"function":{"name":"api"},"message":"\u001b[90m> \u001b[39m Payment Request Recieved for >>>  144894"}}
[info] i  functions: Finished "api" in ~1s {"metadata":{"emulator":{"name":"functions"},"function":{"name":"api"},"message":"Finished \"api\" in ~1s"}}
[debug] [2020-09-30T17:08:31.880Z] [worker-api-dad9d1d6-bc88-41c4-ade7-f7f71b215cc1]: IDLE {"metadata":{"emulator":{"name":"functions"},"message":"[worker-api-dad9d1d6-bc88-41c4-ade7-f7f71b215cc1]: IDLE"}}
[debug] [2020-09-30T17:08:31.881Z] [work-queue] {"queueLength":0,"workRunningCount":0}
[debug] [2020-09-30T17:09:03.941Z] [work-queue] {"queueLength":1,"workRunningCount":0}
[debug] [2020-09-30T17:09:03.941Z] [work-queue] {"queueLength":0,"workRunningCount":1}
[debug] [2020-09-30T17:09:03.941Z] Accepted request POST /clone-368c5/us-central1/api/payments/create?total=0 --> api
[debug] [2020-09-30T17:09:03.942Z] [worker-pool] submitWork(triggerId=api) {"metadata":{"emulator":{"name":"functions"},"message":"[worker-pool] submitWork(triggerId=api)"}}
[debug] [2020-09-30T17:09:03.942Z] [worker-api-dad9d1d6-bc88-41c4-ade7-f7f71b215cc1]: Assigning socketPath: /var/folders/c6/g7144_x956v42bz9jftcvyl80000gn/T/fire_emu_65050.sock {"metadata":{"emulator":{"name":"functions"},"message":"[worker-api-dad9d1d6-bc88-41c4-ade7-f7f71b215cc1]: Assigning socketPath: /var/folders/c6/g7144_x956v42bz9jftcvyl80000gn/T/fire_emu_65050.sock"}}
[debug] [2020-09-30T17:09:03.942Z] [worker-api-dad9d1d6-bc88-41c4-ade7-f7f71b215cc1]: BUSY {"metadata":{"emulator":{"name":"functions"},"message":"[worker-api-dad9d1d6-bc88-41c4-ade7-f7f71b215cc1]: BUSY"}}
[debug] [2020-09-30T17:09:03.942Z] [runtime-status] [65050] Trigger "api" has been found, beginning invocation! {"metadata":{"emulator":{"name":"functions"},"function":{"name":"api"},"message":"[runtime-status] [65050] Trigger \"api\" has been found, beginning invocation!"}}
[info] i  functions: Beginning execution of "api" {"metadata":{"emulator":{"name":"functions"},"function":{"name":"api"},"message":"Beginning execution of \"api\""}}
[debug] [2020-09-30T17:09:03.943Z] [runtime-status] [65050] triggerDefinition {"httpsTrigger":{},"name":"api","entryPoint":"api"} {"metadata":{"emulator":{"name":"functions"},"function":{"name":"api"},"message":"[runtime-status] [65050] triggerDefinition {\"httpsTrigger\":{},\"name\":\"api\",\"entryPoint\":\"api\"}"}}
[debug] [2020-09-30T17:09:03.943Z] [runtime-status] [65050] Running api in mode HTTPS {"metadata":{"emulator":{"name":"functions"},"function":{"name":"api"},"message":"[runtime-status] [65050] Running api in mode HTTPS"}}
[debug] [2020-09-30T17:09:03.943Z] [runtime-status] [65050] Attempting to listen to socketPath: /var/folders/c6/g7144_x956v42bz9jftcvyl80000gn/T/fire_emu_65050.sock {"metadata":{"emulator":{"name":"functions"},"function":{"name":"api"},"message":"[runtime-status] [65050] Attempting to listen to socketPath: /var/folders/c6/g7144_x956v42bz9jftcvyl80000gn/T/fire_emu_65050.sock"}}
[debug] [2020-09-30T17:09:03.946Z] [functions] Runtime ready! Sending request! {"metadata":{"emulator":{"name":"functions"},"message":"[functions] Runtime ready! Sending request!"}}
[debug] [2020-09-30T17:09:03.950Z] [runtime-status] [65050] Ephemeral server handling POST request {"metadata":{"emulator":{"name":"functions"},"function":{"name":"api"},"message":"[runtime-status] [65050] Ephemeral server handling POST request"}}
[info] >  Payment Request Recieved for >>>  0 {"user":"Payment Request Recieved for >>>  0","metadata":{"emulator":{"name":"functions"},"function":{"name":"api"},"message":"\u001b[90m> \u001b[39m Payment Request Recieved for >>>  0"}}
[debug] [2020-09-30T17:09:03.951Z] [runtime-status] [65050] Ephemeral server survived. {"metadata":{"emulator":{"name":"functions"},"function":{"name":"api"},"message":"[runtime-status] [65050] Ephemeral server survived."}}
[info] >  (node:65050) UnhandledPromiseRejectionWarning: Error: This value must be greater than or equal to 1. {"user":"(node:65050) UnhandledPromiseRejectionWarning: Error: This value must be greater than or equal to 1.","metadata":{"emulator":{"name":"functions"},"function":{"name":"api"},"message":"\u001b[90m> \u001b[39m (node:65050) UnhandledPromiseRejectionWarning: Error: This value must be greater than or equal to 1."}}
[info] >      at Function.generate (/Users/tommyboone23/dev/Amazon-Clone/client/functions/node_modules/stripe/lib/Error.js:39:16) {"user":"    at Function.generate (/Users/tommyboone23/dev/Amazon-Clone/client/functions/node_modules/stripe/lib/Error.js:39:16)","metadata":{"emulator":{"name":"functions"},"function":{"name":"api"},"message":"\u001b[90m> \u001b[39m     at Function.generate (/Users/tommyboone23/dev/Amazon-Clone/client/functions/node_modules/stripe/lib/Error.js:39:16)"}}
[info] >      at IncomingMessage.<anonymous> (/Users/tommyboone23/dev/Amazon-Clone/client/functions/node_modules/stripe/lib/StripeResource.js:190:33) {"user":"    at IncomingMessage.<anonymous> (/Users/tommyboone23/dev/Amazon-Clone/client/functions/node_modules/stripe/lib/StripeResource.js:190:33)","metadata":{"emulator":{"name":"functions"},"function":{"name":"api"},"message":"\u001b[90m> \u001b[39m     at IncomingMessage.<anonymous> (/Users/tommyboone23/dev/Amazon-Clone/client/functions/node_modules/stripe/lib/StripeResource.js:190:33)"}}
[info] >      at Object.onceWrapper (events.js:421:28) {"user":"    at Object.onceWrapper (events.js:421:28)","metadata":{"emulator":{"name":"functions"},"function":{"name":"api"},"message":"\u001b[90m> \u001b[39m     at Object.onceWrapper (events.js:421:28)"}}
[info] >      at IncomingMessage.emit (events.js:327:22) {"user":"    at IncomingMessage.emit (events.js:327:22)","metadata":{"emulator":{"name":"functions"},"function":{"name":"api"},"message":"\u001b[90m> \u001b[39m     at IncomingMessage.emit (events.js:327:22)"}}
[info] >      at endReadableNT (_stream_readable.js:1221:12) {"user":"    at endReadableNT (_stream_readable.js:1221:12)","metadata":{"emulator":{"name":"functions"},"function":{"name":"api"},"message":"\u001b[90m> \u001b[39m     at endReadableNT (_stream_readable.js:1221:12)"}}
[info] >      at processTicksAndRejections (internal/process/task_queues.js:84:21) {"user":"    at processTicksAndRejections (internal/process/task_queues.js:84:21)","metadata":{"emulator":{"name":"functions"},"function":{"name":"api"},"message":"\u001b[90m> \u001b[39m     at processTicksAndRejections (internal/process/task_queues.js:84:21)"}}
[info] >  (node:65050) UnhandledPromiseRejectionWarning: Unhandled promise rejection. This error originated either by throwing inside of an async function without a catch block, or by rejecting a promise which was not handled with .catch(). To terminate the node process on unhandled promise rejection, use the CLI flag `--unhandled-rejections=strict` (see https://nodejs.org/api/cli.html#cli_unhandled_rejections_mode). (rejection id: 1) {"user":"(node:65050) UnhandledPromiseRejectionWarning: Unhandled promise rejection. This error originated either by throwing inside of an async function without a catch block, or by rejecting a promise which was not handled with .catch(). To terminate the node process on unhandled promise rejection, use the CLI flag `--unhandled-rejections=strict` (see https://nodejs.org/api/cli.html#cli_unhandled_rejections_mode). (rejection id: 1)","metadata":{"emulator":{"name":"functions"},"function":{"name":"api"},"message":"\u001b[90m> \u001b[39m (node:65050) UnhandledPromiseRejectionWarning: Unhandled promise rejection. This error originated either by throwing inside of an async function without a catch block, or by rejecting a promise which was not handled with .catch(). To terminate the node process on unhandled promise rejection, use the CLI flag `--unhandled-rejections=strict` (see https://nodejs.org/api/cli.html#cli_unhandled_rejections_mode). (rejection id: 1)"}}
[info] >  (node:65050) [DEP0018] DeprecationWarning: Unhandled promise rejections are deprecated. In the future, promise rejections that are not handled will terminate the Node.js process with a non-zero exit code. {"user":"(node:65050) [DEP0018] DeprecationWarning: Unhandled promise rejections are deprecated. In the future, promise rejections that are not handled will terminate the Node.js process with a non-zero exit code.","metadata":{"emulator":{"name":"functions"},"function":{"name":"api"},"message":"\u001b[90m> \u001b[39m (node:65050) [DEP0018] DeprecationWarning: Unhandled promise rejections are deprecated. In the future, promise rejections that are not handled will terminate the Node.js process with a non-zero exit code."}}
[warn] ⚠  functions: Your function timed out after ~60s. To configure this timeout, see
      https://firebase.google.com/docs/functions/manage-functions#set_timeout_and_memory_allocation. {"metadata":{"emulator":{"name":"functions"},"function":{"name":"api"},"message":"Your function timed out after ~60s. To configure this timeout, see\n      https://firebase.google.com/docs/functions/manage-functions#set_timeout_and_memory_allocation."}}
[info] >  /Users/tommyboone23/.cache/firebase/tools/lib/node_modules/firebase-tools/lib/emulator/functionsEmulatorRuntime.js:642 {"user":"/Users/tommyboone23/.cache/firebase/tools/lib/node_modules/firebase-tools/lib/emulator/functionsEmulatorRuntime.js:642","metadata":{"emulator":{"name":"functions"},"function":{"name":"api"},"message":"\u001b[90m> \u001b[39m /Users/tommyboone23/.cache/firebase/tools/lib/node_modules/firebase-tools/lib/emulator/functionsEmulatorRuntime.js:642"}}
[info] >                  throw new Error("Function timed out."); {"user":"                throw new Error(\"Function timed out.\");","metadata":{"emulator":{"name":"functions"},"function":{"name":"api"},"message":"\u001b[90m> \u001b[39m                 throw new Error(\"Function timed out.\");"}}
[info] >                  ^ {"user":"                ^","metadata":{"emulator":{"name":"functions"},"function":{"name":"api"},"message":"\u001b[90m> \u001b[39m                 ^"}}
[info] >   {"user":"","metadata":{"emulator":{"name":"functions"},"function":{"name":"api"},"message":"\u001b[90m> \u001b[39m "}}
[info] >  Error: Function timed out. {"user":"Error: Function timed out.","metadata":{"emulator":{"name":"functions"},"function":{"name":"api"},"message":"\u001b[90m> \u001b[39m Error: Function timed out."}}
[info] >      at Timeout._onTimeout (/Users/tommyboone23/.cache/firebase/tools/lib/node_modules/firebase-tools/lib/emulator/functionsEmulatorRuntime.js:642:23) {"user":"    at Timeout._onTimeout (/Users/tommyboone23/.cache/firebase/tools/lib/node_modules/firebase-tools/lib/emulator/functionsEmulatorRuntime.js:642:23)","metadata":{"emulator":{"name":"functions"},"function":{"name":"api"},"message":"\u001b[90m> \u001b[39m     at Timeout._onTimeout (/Users/tommyboone23/.cache/firebase/tools/lib/node_modules/firebase-tools/lib/emulator/functionsEmulatorRuntime.js:642:23)"}}
[info] >      at listOnTimeout (internal/timers.js:549:17) {"user":"    at listOnTimeout (internal/timers.js:549:17)","metadata":{"emulator":{"name":"functions"},"function":{"name":"api"},"message":"\u001b[90m> \u001b[39m     at listOnTimeout (internal/timers.js:549:17)"}}
[info] >      at processTimers (internal/timers.js:492:7) {"user":"    at processTimers (internal/timers.js:492:7)","metadata":{"emulator":{"name":"functions"},"function":{"name":"api"},"message":"\u001b[90m> \u001b[39m     at processTimers (internal/timers.js:492:7)"}}
[debug] [2020-09-30T17:10:04.039Z] [worker-api-dad9d1d6-bc88-41c4-ade7-f7f71b215cc1]: exited {"metadata":{"emulator":{"name":"functions"},"message":"[worker-api-dad9d1d6-bc88-41c4-ade7-f7f71b215cc1]: exited"}}
[debug] [2020-09-30T17:10:04.040Z] [worker-api-dad9d1d6-bc88-41c4-ade7-f7f71b215cc1]: FINISHED {"metadata":{"emulator":{"name":"functions"},"message":"[worker-api-dad9d1d6-bc88-41c4-ade7-f7f71b215cc1]: FINISHED"}}
[debug] [2020-09-30T17:10:04.040Z] [work-queue] {"queueLength":0,"workRunningCount":0}
